{"/home/mr/aworkingspace/drivent/api-drivent/src/app.ts": {"path":"/home/mr/aworkingspace/drivent/api-drivent/src/app.ts","statementMap":{"0":{"start":{"line":1,"column":0},"end":{"line":1,"column":17}},"1":{"start":{"line":3,"column":0},"end":{"line":3,"column":30}},"2":{"start":{"line":4,"column":0},"end":{"line":4,"column":30}},"3":{"start":{"line":5,"column":0},"end":{"line":5,"column":24}},"4":{"start":{"line":6,"column":0},"end":{"line":6,"column":26}},"5":{"start":{"line":8,"column":0},"end":{"line":8,"column":41}},"6":{"start":{"line":9,"column":0},"end":{"line":9,"column":76}},"7":{"start":{"line":10,"column":0},"end":{"line":10,"column":31}},"8":{"start":{"line":12,"column":12},"end":{"line":12,"column":21}},"9":{"start":{"line":13,"column":0},"end":{"line":13,"column":16}},"10":{"start":{"line":14,"column":0},"end":{"line":14,"column":24}},"11":{"start":{"line":16,"column":0},"end":{"line":18,"column":3}},"12":{"start":{"line":17,"column":2},"end":{"line":17,"column":18}},"13":{"start":{"line":20,"column":0},"end":{"line":20,"column":16}},"14":{"start":{"line":21,"column":0},"end":{"line":21,"column":33}},"15":{"start":{"line":24,"column":2},"end":{"line":24,"column":26}},"16":{"start":{"line":23,"column":0},"end":{"line":23,"column":22}},"17":{"start":{"line":27,"column":0},"end":{"line":27,"column":19}}},"fnMap":{"0":{"name":"(anonymous_8)","decl":{"start":{"line":16,"column":19},"end":{"line":16,"column":20}},"loc":{"start":{"line":16,"column":33},"end":{"line":18,"column":1}}},"1":{"name":"init","decl":{"start":{"line":23,"column":22},"end":{"line":23,"column":26}},"loc":{"start":{"line":23,"column":26},"end":{"line":25,"column":null}}}},"branchMap":{},"s":{"0":3,"1":3,"2":3,"3":3,"4":3,"5":3,"6":3,"7":3,"8":3,"9":3,"10":3,"11":3,"12":0,"13":3,"14":3,"15":3,"16":3,"17":3},"f":{"0":0,"1":3},"b":{}}
,"/home/mr/aworkingspace/drivent/api-drivent/src/database.ts": {"path":"/home/mr/aworkingspace/drivent/api-drivent/src/database.ts","statementMap":{"0":{"start":{"line":1,"column":0},"end":{"line":1,"column":47}},"1":{"start":{"line":3,"column":0},"end":{"line":5,"column":null}},"2":{"start":{"line":4,"column":2},"end":{"line":4,"column":49}},"3":{"start":{"line":8,"column":28},"end":{"line":8,"column":56}},"4":{"start":{"line":10,"column":21},"end":{"line":16,"column":4}},"5":{"start":{"line":18,"column":2},"end":{"line":18,"column":29}},"6":{"start":{"line":20,"column":2},"end":{"line":20,"column":20}},"7":{"start":{"line":7,"column":0},"end":{"line":7,"column":30}}},"fnMap":{"0":{"name":"connect","decl":{"start":{"line":7,"column":30},"end":{"line":7,"column":37}},"loc":{"start":{"line":7,"column":37},"end":{"line":21,"column":null}}}},"branchMap":{"0":{"loc":{"start":{"line":3,"column":0},"end":{"line":5,"column":null}},"type":"if","locations":[{"start":{"line":3,"column":0},"end":{"line":5,"column":null}},{"start":{"line":3,"column":0},"end":{"line":5,"column":null}}]},"1":{"loc":{"start":{"line":3,"column":4},"end":{"line":3,"column":41}},"type":"binary-expr","locations":[{"start":{"line":3,"column":4},"end":{"line":3,"column":41}},{"start":{"line":3,"column":45},"end":{"line":3,"column":103}}]},"2":{"loc":{"start":{"line":14,"column":58},"end":{"line":14,"column":64}},"type":"cond-expr","locations":[{"start":{"line":14,"column":58},"end":{"line":14,"column":64}},{"start":{"line":14,"column":67},"end":{"line":14,"column":72}}]}},"s":{"0":3,"1":3,"2":0,"3":3,"4":3,"5":3,"6":3,"7":3},"f":{"0":3},"b":{"0":[0,3],"1":[3,0],"2":[0,3]}}
,"/home/mr/aworkingspace/drivent/api-drivent/src/setup.ts": {"path":"/home/mr/aworkingspace/drivent/api-drivent/src/setup.ts","statementMap":{"0":{"start":{"line":1,"column":0},"end":{"line":1,"column":28}},"1":{"start":{"line":3,"column":13},"end":{"line":3,"column":67}},"2":{"start":{"line":5,"column":0},"end":{"line":5,"column":24}}},"fnMap":{},"branchMap":{"0":{"loc":{"start":{"line":3,"column":47},"end":{"line":3,"column":58}},"type":"cond-expr","locations":[{"start":{"line":3,"column":47},"end":{"line":3,"column":58}},{"start":{"line":3,"column":61},"end":{"line":3,"column":67}}]}},"s":{"0":3,"1":3,"2":3},"f":{},"b":{"0":[3,0]}}
,"/home/mr/aworkingspace/drivent/api-drivent/src/controllers/client/auth.ts": {"path":"/home/mr/aworkingspace/drivent/api-drivent/src/controllers/client/auth.ts","statementMap":{"0":{"start":{"line":3,"column":0},"end":{"line":3,"column":54}},"1":{"start":{"line":6,"column":15},"end":{"line":6,"column":74}},"2":{"start":{"line":7,"column":2},"end":{"line":7,"column":17}},"3":{"start":{"line":5,"column":0},"end":{"line":5,"column":22}}},"fnMap":{"0":{"name":"signIn","decl":{"start":{"line":5,"column":22},"end":{"line":5,"column":28}},"loc":{"start":{"line":5,"column":56},"end":{"line":8,"column":null}}}},"branchMap":{},"s":{"0":3,"1":0,"2":0,"3":3},"f":{"0":0},"b":{}}
,"/home/mr/aworkingspace/drivent/api-drivent/src/controllers/client/enrollment.ts": {"path":"/home/mr/aworkingspace/drivent/api-drivent/src/controllers/client/enrollment.ts","statementMap":{"0":{"start":{"line":2,"column":0},"end":{"line":2,"column":37}},"1":{"start":{"line":4,"column":0},"end":{"line":4,"column":66}},"2":{"start":{"line":8,"column":25},"end":{"line":8,"column":51}},"3":{"start":{"line":9,"column":2},"end":{"line":9,"column":38}},"4":{"start":{"line":10,"column":2},"end":{"line":10,"column":62}},"5":{"start":{"line":11,"column":2},"end":{"line":11,"column":32}},"6":{"start":{"line":7,"column":0},"end":{"line":7,"column":22}},"7":{"start":{"line":15,"column":25},"end":{"line":15,"column":86}},"8":{"start":{"line":17,"column":2},"end":{"line":19,"column":null}},"9":{"start":{"line":18,"column":4},"end":{"line":18,"column":49}},"10":{"start":{"line":21,"column":2},"end":{"line":21,"column":49}},"11":{"start":{"line":14,"column":0},"end":{"line":14,"column":22}}},"fnMap":{"0":{"name":"saveEnrollmentInfo","decl":{"start":{"line":7,"column":22},"end":{"line":7,"column":40}},"loc":{"start":{"line":7,"column":68},"end":{"line":12,"column":null}}},"1":{"name":"getEnrollmentInfos","decl":{"start":{"line":14,"column":22},"end":{"line":14,"column":40}},"loc":{"start":{"line":14,"column":68},"end":{"line":22,"column":null}}}},"branchMap":{"0":{"loc":{"start":{"line":17,"column":2},"end":{"line":19,"column":null}},"type":"if","locations":[{"start":{"line":17,"column":2},"end":{"line":19,"column":null}},{"start":{"line":17,"column":2},"end":{"line":19,"column":null}}]}},"s":{"0":3,"1":3,"2":0,"3":0,"4":0,"5":0,"6":3,"7":0,"8":0,"9":0,"10":0,"11":3},"f":{"0":0,"1":0},"b":{"0":[0,0]}}
,"/home/mr/aworkingspace/drivent/api-drivent/src/controllers/client/event.ts": {"path":"/home/mr/aworkingspace/drivent/api-drivent/src/controllers/client/event.ts","statementMap":{"0":{"start":{"line":3,"column":0},"end":{"line":3,"column":51}},"1":{"start":{"line":6,"column":20},"end":{"line":6,"column":48}},"2":{"start":{"line":7,"column":2},"end":{"line":7,"column":22}},"3":{"start":{"line":5,"column":0},"end":{"line":5,"column":22}}},"fnMap":{"0":{"name":"get","decl":{"start":{"line":5,"column":22},"end":{"line":5,"column":25}},"loc":{"start":{"line":5,"column":53},"end":{"line":8,"column":null}}}},"branchMap":{},"s":{"0":3,"1":1,"2":1,"3":3},"f":{"0":1},"b":{}}
,"/home/mr/aworkingspace/drivent/api-drivent/src/controllers/client/hotel.ts": {"path":"/home/mr/aworkingspace/drivent/api-drivent/src/controllers/client/hotel.ts","statementMap":{"0":{"start":{"line":2,"column":0},"end":{"line":2,"column":37}},"1":{"start":{"line":4,"column":0},"end":{"line":4,"column":51}},"2":{"start":{"line":7,"column":17},"end":{"line":7,"column":39}},"3":{"start":{"line":9,"column":2},"end":{"line":9,"column":41}},"4":{"start":{"line":6,"column":0},"end":{"line":6,"column":22}},"5":{"start":{"line":13,"column":18},"end":{"line":13,"column":46}},"6":{"start":{"line":15,"column":2},"end":{"line":17,"column":null}},"7":{"start":{"line":16,"column":4},"end":{"line":16,"column":50}},"8":{"start":{"line":19,"column":16},"end":{"line":19,"column":48}},"9":{"start":{"line":21,"column":2},"end":{"line":21,"column":18}},"10":{"start":{"line":12,"column":0},"end":{"line":12,"column":22}},"11":{"start":{"line":25,"column":17},"end":{"line":25,"column":44}},"12":{"start":{"line":26,"column":17},"end":{"line":26,"column":28}},"13":{"start":{"line":28,"column":2},"end":{"line":30,"column":null}},"14":{"start":{"line":29,"column":4},"end":{"line":29,"column":50}},"15":{"start":{"line":32,"column":2},"end":{"line":32,"column":56}},"16":{"start":{"line":33,"column":2},"end":{"line":33,"column":37}},"17":{"start":{"line":24,"column":0},"end":{"line":24,"column":22}},"18":{"start":{"line":37,"column":22},"end":{"line":37,"column":71}},"19":{"start":{"line":39,"column":2},"end":{"line":39,"column":24}},"20":{"start":{"line":36,"column":0},"end":{"line":36,"column":22}}},"fnMap":{"0":{"name":"get","decl":{"start":{"line":6,"column":22},"end":{"line":6,"column":25}},"loc":{"start":{"line":6,"column":54},"end":{"line":10,"column":null}}},"1":{"name":"getRooms","decl":{"start":{"line":12,"column":22},"end":{"line":12,"column":30}},"loc":{"start":{"line":12,"column":58},"end":{"line":22,"column":null}}},"2":{"name":"saveReservation","decl":{"start":{"line":24,"column":22},"end":{"line":24,"column":37}},"loc":{"start":{"line":24,"column":65},"end":{"line":34,"column":null}}},"3":{"name":"getReservation","decl":{"start":{"line":36,"column":22},"end":{"line":36,"column":36}},"loc":{"start":{"line":36,"column":64},"end":{"line":40,"column":null}}}},"branchMap":{"0":{"loc":{"start":{"line":15,"column":2},"end":{"line":17,"column":null}},"type":"if","locations":[{"start":{"line":15,"column":2},"end":{"line":17,"column":null}},{"start":{"line":15,"column":2},"end":{"line":17,"column":null}}]},"1":{"loc":{"start":{"line":28,"column":2},"end":{"line":30,"column":null}},"type":"if","locations":[{"start":{"line":28,"column":2},"end":{"line":30,"column":null}},{"start":{"line":28,"column":2},"end":{"line":30,"column":null}}]}},"s":{"0":3,"1":3,"2":2,"3":2,"4":3,"5":2,"6":2,"7":1,"8":1,"9":1,"10":3,"11":2,"12":2,"13":2,"14":1,"15":1,"16":1,"17":3,"18":1,"19":1,"20":3},"f":{"0":2,"1":2,"2":2,"3":1},"b":{"0":[1,1],"1":[1,1]}}
,"/home/mr/aworkingspace/drivent/api-drivent/src/controllers/client/ticket.ts": {"path":"/home/mr/aworkingspace/drivent/api-drivent/src/controllers/client/ticket.ts","statementMap":{"0":{"start":{"line":2,"column":0},"end":{"line":2,"column":37}},"1":{"start":{"line":4,"column":0},"end":{"line":4,"column":52}},"2":{"start":{"line":7,"column":2},"end":{"line":7,"column":42}},"3":{"start":{"line":8,"column":2},"end":{"line":8,"column":33}},"4":{"start":{"line":6,"column":0},"end":{"line":6,"column":22}}},"fnMap":{"0":{"name":"saveTicket","decl":{"start":{"line":6,"column":22},"end":{"line":6,"column":32}},"loc":{"start":{"line":6,"column":60},"end":{"line":9,"column":null}}}},"branchMap":{},"s":{"0":3,"1":3,"2":0,"3":0,"4":3},"f":{"0":0},"b":{}}
,"/home/mr/aworkingspace/drivent/api-drivent/src/controllers/client/user.ts": {"path":"/home/mr/aworkingspace/drivent/api-drivent/src/controllers/client/user.ts","statementMap":{"0":{"start":{"line":2,"column":0},"end":{"line":2,"column":37}},"1":{"start":{"line":4,"column":0},"end":{"line":4,"column":50}},"2":{"start":{"line":7,"column":15},"end":{"line":7,"column":77}},"3":{"start":{"line":8,"column":2},"end":{"line":8,"column":44}},"4":{"start":{"line":6,"column":0},"end":{"line":6,"column":22}}},"fnMap":{"0":{"name":"signUp","decl":{"start":{"line":6,"column":22},"end":{"line":6,"column":28}},"loc":{"start":{"line":6,"column":56},"end":{"line":9,"column":null}}}},"branchMap":{},"s":{"0":3,"1":3,"2":3,"3":1,"4":3},"f":{"0":3},"b":{}}
,"/home/mr/aworkingspace/drivent/api-drivent/src/entities/Address.ts": {"path":"/home/mr/aworkingspace/drivent/api-drivent/src/entities/Address.ts","statementMap":{"0":{"start":{"line":1,"column":0},"end":{"line":1,"column":99}},"1":{"start":{"line":2,"column":0},"end":{"line":2,"column":38}},"2":{"start":{"line":5,"column":0},"end":{"line":36,"column":null}},"3":{"start":{"line":7,"column":2},"end":{"line":7,"column":null}},"4":{"start":{"line":10,"column":2},"end":{"line":10,"column":null}},"5":{"start":{"line":13,"column":2},"end":{"line":13,"column":null}},"6":{"start":{"line":16,"column":2},"end":{"line":16,"column":null}},"7":{"start":{"line":19,"column":2},"end":{"line":19,"column":null}},"8":{"start":{"line":22,"column":2},"end":{"line":22,"column":null}},"9":{"start":{"line":25,"column":2},"end":{"line":25,"column":null}},"10":{"start":{"line":28,"column":2},"end":{"line":28,"column":null}},"11":{"start":{"line":31,"column":2},"end":{"line":31,"column":null}},"12":{"start":{"line":35,"column":2},"end":{"line":35,"column":null}},"13":{"start":{"line":33,"column":18},"end":{"line":33,"column":28}},"14":{"start":{"line":33,"column":58},"end":{"line":33,"column":76}},"15":{"start":{"line":5,"column":21},"end":{"line":36,"column":null}},"16":{"start":{"line":5,"column":21},"end":{"line":5,"column":29}}},"fnMap":{"0":{"name":"(anonymous_3)","decl":{"start":{"line":33,"column":12},"end":{"line":33,"column":15}},"loc":{"start":{"line":33,"column":18},"end":{"line":33,"column":28}}},"1":{"name":"(anonymous_4)","decl":{"start":{"line":33,"column":30},"end":{"line":33,"column":31}},"loc":{"start":{"line":33,"column":58},"end":{"line":33,"column":76}}}},"branchMap":{},"s":{"0":3,"1":3,"2":3,"3":3,"4":3,"5":3,"6":3,"7":3,"8":3,"9":3,"10":3,"11":3,"12":3,"13":3,"14":3,"15":3,"16":3},"f":{"0":3,"1":3},"b":{}}
,"/home/mr/aworkingspace/drivent/api-drivent/src/entities/Enrollment.ts": {"path":"/home/mr/aworkingspace/drivent/api-drivent/src/entities/Enrollment.ts","statementMap":{"0":{"start":{"line":1,"column":0},"end":{"line":1,"column":60}},"1":{"start":{"line":3,"column":0},"end":{"line":3,"column":87}},"2":{"start":{"line":4,"column":0},"end":{"line":4,"column":41}},"3":{"start":{"line":7,"column":31},"end":{"line":66,"column":null}},"4":{"start":{"line":30,"column":4},"end":{"line":30,"column":26}},"5":{"start":{"line":31,"column":4},"end":{"line":31,"column":24}},"6":{"start":{"line":32,"column":4},"end":{"line":32,"column":34}},"7":{"start":{"line":33,"column":4},"end":{"line":33,"column":28}},"8":{"start":{"line":34,"column":4},"end":{"line":34,"column":30}},"9":{"start":{"line":36,"column":4},"end":{"line":36,"column":38}},"10":{"start":{"line":37,"column":24},"end":{"line":37,"column":28}},"11":{"start":{"line":39,"column":4},"end":{"line":39,"column":35}},"12":{"start":{"line":40,"column":4},"end":{"line":40,"column":41}},"13":{"start":{"line":41,"column":4},"end":{"line":41,"column":37}},"14":{"start":{"line":42,"column":4},"end":{"line":42,"column":41}},"15":{"start":{"line":43,"column":4},"end":{"line":43,"column":39}},"16":{"start":{"line":44,"column":4},"end":{"line":44,"column":53}},"17":{"start":{"line":45,"column":4},"end":{"line":45,"column":55}},"18":{"start":{"line":49,"column":21},"end":{"line":49,"column":69}},"19":{"start":{"line":51,"column":4},"end":{"line":53,"column":null}},"20":{"start":{"line":52,"column":6},"end":{"line":52,"column":47}},"21":{"start":{"line":55,"column":4},"end":{"line":55,"column":39}},"22":{"start":{"line":56,"column":4},"end":{"line":56,"column":38}},"23":{"start":{"line":57,"column":4},"end":{"line":57,"column":28}},"24":{"start":{"line":59,"column":4},"end":{"line":59,"column":52}},"25":{"start":{"line":60,"column":4},"end":{"line":60,"column":36}},"26":{"start":{"line":64,"column":4},"end":{"line":64,"column":53}},"27":{"start":{"line":9,"column":2},"end":{"line":9,"column":null}},"28":{"start":{"line":12,"column":2},"end":{"line":12,"column":null}},"29":{"start":{"line":15,"column":2},"end":{"line":15,"column":null}},"30":{"start":{"line":18,"column":2},"end":{"line":18,"column":null}},"31":{"start":{"line":21,"column":2},"end":{"line":21,"column":null}},"32":{"start":{"line":24,"column":2},"end":{"line":24,"column":null}},"33":{"start":{"line":27,"column":2},"end":{"line":27,"column":null}},"34":{"start":{"line":26,"column":18},"end":{"line":26,"column":25}},"35":{"start":{"line":26,"column":40},"end":{"line":26,"column":58}},"36":{"start":{"line":7,"column":21},"end":{"line":66,"column":null}},"37":{"start":{"line":7,"column":21},"end":{"line":7,"column":32}}},"fnMap":{"0":{"name":"(anonymous_10)","decl":{"start":{"line":29,"column":2},"end":{"line":29,"column":18}},"loc":{"start":{"line":29,"column":39},"end":{"line":46,"column":3}}},"1":{"name":"(anonymous_11)","decl":{"start":{"line":48,"column":2},"end":{"line":48,"column":8}},"loc":{"start":{"line":48,"column":50},"end":{"line":61,"column":null}}},"2":{"name":"(anonymous_13)","decl":{"start":{"line":63,"column":2},"end":{"line":63,"column":8}},"loc":{"start":{"line":63,"column":52},"end":{"line":65,"column":null}}},"3":{"name":"(anonymous_15)","decl":{"start":{"line":26,"column":12},"end":{"line":26,"column":15}},"loc":{"start":{"line":26,"column":18},"end":{"line":26,"column":25}}},"4":{"name":"(anonymous_16)","decl":{"start":{"line":26,"column":27},"end":{"line":26,"column":28}},"loc":{"start":{"line":26,"column":40},"end":{"line":26,"column":58}}}},"branchMap":{"0":{"loc":{"start":{"line":36,"column":4},"end":{"line":36,"column":16}},"type":"binary-expr","locations":[{"start":{"line":36,"column":4},"end":{"line":36,"column":16}},{"start":{"line":36,"column":4},"end":{"line":36,"column":37}}]},"1":{"loc":{"start":{"line":51,"column":4},"end":{"line":53,"column":null}},"type":"if","locations":[{"start":{"line":51,"column":4},"end":{"line":53,"column":null}},{"start":{"line":51,"column":4},"end":{"line":53,"column":null}}]},"2":{"loc":{"start":{"line":51,"column":7},"end":{"line":51,"column":17}},"type":"binary-expr","locations":[{"start":{"line":51,"column":7},"end":{"line":51,"column":17}},{"start":{"line":51,"column":21},"end":{"line":51,"column":54}}]},"3":{"loc":{"start":{"line":55,"column":4},"end":{"line":55,"column":14}},"type":"binary-expr","locations":[{"start":{"line":55,"column":4},"end":{"line":55,"column":14}},{"start":{"line":55,"column":4},"end":{"line":55,"column":38}}]}},"s":{"0":3,"1":3,"2":3,"3":3,"4":0,"5":0,"6":0,"7":0,"8":0,"9":0,"10":0,"11":0,"12":0,"13":0,"14":0,"15":0,"16":0,"17":0,"18":0,"19":0,"20":0,"21":0,"22":0,"23":0,"24":0,"25":0,"26":0,"27":3,"28":3,"29":3,"30":3,"31":3,"32":3,"33":3,"34":3,"35":3,"36":3,"37":3},"f":{"0":0,"1":0,"2":0,"3":3,"4":3},"b":{"0":[0,0],"1":[0,0],"2":[0,0],"3":[0,0]}}
,"/home/mr/aworkingspace/drivent/api-drivent/src/entities/Hotel.ts": {"path":"/home/mr/aworkingspace/drivent/api-drivent/src/entities/Hotel.ts","statementMap":{"0":{"start":{"line":1,"column":0},"end":{"line":1,"column":null}},"1":{"start":{"line":9,"column":0},"end":{"line":9,"column":26}},"2":{"start":{"line":12,"column":0},"end":{"line":34,"column":null}},"3":{"start":{"line":32,"column":4},"end":{"line":32,"column":29}},"4":{"start":{"line":14,"column":2},"end":{"line":14,"column":null}},"5":{"start":{"line":17,"column":2},"end":{"line":17,"column":null}},"6":{"start":{"line":20,"column":2},"end":{"line":20,"column":null}},"7":{"start":{"line":23,"column":2},"end":{"line":23,"column":null}},"8":{"start":{"line":26,"column":2},"end":{"line":26,"column":null}},"9":{"start":{"line":29,"column":2},"end":{"line":29,"column":null}},"10":{"start":{"line":28,"column":19},"end":{"line":28,"column":23}},"11":{"start":{"line":28,"column":41},"end":{"line":28,"column":51}},"12":{"start":{"line":12,"column":21},"end":{"line":34,"column":null}},"13":{"start":{"line":12,"column":21},"end":{"line":12,"column":27}}},"fnMap":{"0":{"name":"(anonymous_10)","decl":{"start":{"line":31,"column":2},"end":{"line":31,"column":8}},"loc":{"start":{"line":31,"column":21},"end":{"line":33,"column":null}}},"1":{"name":"(anonymous_12)","decl":{"start":{"line":28,"column":13},"end":{"line":28,"column":16}},"loc":{"start":{"line":28,"column":19},"end":{"line":28,"column":23}}},"2":{"name":"(anonymous_13)","decl":{"start":{"line":28,"column":25},"end":{"line":28,"column":26}},"loc":{"start":{"line":28,"column":41},"end":{"line":28,"column":51}}}},"branchMap":{},"s":{"0":3,"1":3,"2":3,"3":2,"4":3,"5":3,"6":3,"7":3,"8":3,"9":3,"10":3,"11":3,"12":3,"13":3},"f":{"0":2,"1":3,"2":3},"b":{}}
,"/home/mr/aworkingspace/drivent/api-drivent/src/entities/Reservation.ts": {"path":"/home/mr/aworkingspace/drivent/api-drivent/src/entities/Reservation.ts","statementMap":{"0":{"start":{"line":1,"column":0},"end":{"line":1,"column":null}},"1":{"start":{"line":11,"column":0},"end":{"line":11,"column":26}},"2":{"start":{"line":12,"column":0},"end":{"line":12,"column":26}},"3":{"start":{"line":15,"column":0},"end":{"line":45,"column":null}},"4":{"start":{"line":34,"column":27},"end":{"line":34,"column":58}},"5":{"start":{"line":35,"column":4},"end":{"line":35,"column":36}},"6":{"start":{"line":39,"column":4},"end":{"line":39,"column":42}},"7":{"start":{"line":43,"column":4},"end":{"line":43,"column":34}},"8":{"start":{"line":17,"column":2},"end":{"line":17,"column":null}},"9":{"start":{"line":20,"column":2},"end":{"line":20,"column":null}},"10":{"start":{"line":23,"column":2},"end":{"line":23,"column":null}},"11":{"start":{"line":27,"column":2},"end":{"line":27,"column":null}},"12":{"start":{"line":25,"column":18},"end":{"line":25,"column":22}},"13":{"start":{"line":25,"column":40},"end":{"line":25,"column":56}},"14":{"start":{"line":31,"column":2},"end":{"line":31,"column":null}},"15":{"start":{"line":29,"column":20},"end":{"line":29,"column":24}},"16":{"start":{"line":29,"column":42},"end":{"line":29,"column":58}},"17":{"start":{"line":15,"column":21},"end":{"line":45,"column":null}},"18":{"start":{"line":15,"column":21},"end":{"line":15,"column":33}}},"fnMap":{"0":{"name":"(anonymous_10)","decl":{"start":{"line":33,"column":2},"end":{"line":33,"column":8}},"loc":{"start":{"line":33,"column":53},"end":{"line":36,"column":null}}},"1":{"name":"(anonymous_12)","decl":{"start":{"line":38,"column":2},"end":{"line":38,"column":8}},"loc":{"start":{"line":38,"column":41},"end":{"line":40,"column":null}}},"2":{"name":"(anonymous_14)","decl":{"start":{"line":42,"column":2},"end":{"line":42,"column":8}},"loc":{"start":{"line":42,"column":44},"end":{"line":44,"column":null}}},"3":{"name":"(anonymous_16)","decl":{"start":{"line":25,"column":12},"end":{"line":25,"column":15}},"loc":{"start":{"line":25,"column":18},"end":{"line":25,"column":22}}},"4":{"name":"(anonymous_17)","decl":{"start":{"line":25,"column":24},"end":{"line":25,"column":25}},"loc":{"start":{"line":25,"column":40},"end":{"line":25,"column":56}}},"5":{"name":"(anonymous_18)","decl":{"start":{"line":29,"column":14},"end":{"line":29,"column":17}},"loc":{"start":{"line":29,"column":20},"end":{"line":29,"column":24}}},"6":{"name":"(anonymous_19)","decl":{"start":{"line":29,"column":26},"end":{"line":29,"column":27}},"loc":{"start":{"line":29,"column":42},"end":{"line":29,"column":58}}}},"branchMap":{},"s":{"0":3,"1":3,"2":3,"3":3,"4":1,"5":1,"6":2,"7":0,"8":3,"9":3,"10":3,"11":3,"12":3,"13":3,"14":3,"15":3,"16":3,"17":3,"18":3},"f":{"0":1,"1":2,"2":0,"3":3,"4":3,"5":3,"6":3},"b":{}}
,"/home/mr/aworkingspace/drivent/api-drivent/src/entities/Room.ts": {"path":"/home/mr/aworkingspace/drivent/api-drivent/src/entities/Room.ts","statementMap":{"0":{"start":{"line":1,"column":0},"end":{"line":1,"column":null}},"1":{"start":{"line":10,"column":0},"end":{"line":10,"column":28}},"2":{"start":{"line":11,"column":0},"end":{"line":11,"column":40}},"3":{"start":{"line":14,"column":0},"end":{"line":66,"column":null}},"4":{"start":{"line":37,"column":18},"end":{"line":40,"column":6}},"5":{"start":{"line":42,"column":4},"end":{"line":42,"column":17}},"6":{"start":{"line":46,"column":18},"end":{"line":46,"column":19}},"7":{"start":{"line":48,"column":18},"end":{"line":48,"column":46}},"8":{"start":{"line":49,"column":4},"end":{"line":49,"column":77}},"9":{"start":{"line":49,"column":26},"end":{"line":49,"column":74}},"10":{"start":{"line":51,"column":4},"end":{"line":51,"column":19}},"11":{"start":{"line":55,"column":17},"end":{"line":55,"column":51}},"12":{"start":{"line":57,"column":4},"end":{"line":57,"column":41}},"13":{"start":{"line":59,"column":4},"end":{"line":59,"column":16}},"14":{"start":{"line":63,"column":17},"end":{"line":63,"column":76}},"15":{"start":{"line":64,"column":4},"end":{"line":64,"column":16}},"16":{"start":{"line":16,"column":2},"end":{"line":16,"column":null}},"17":{"start":{"line":19,"column":2},"end":{"line":19,"column":null}},"18":{"start":{"line":22,"column":2},"end":{"line":22,"column":null}},"19":{"start":{"line":25,"column":2},"end":{"line":25,"column":null}},"20":{"start":{"line":28,"column":2},"end":{"line":28,"column":null}},"21":{"start":{"line":31,"column":2},"end":{"line":31,"column":null}},"22":{"start":{"line":30,"column":19},"end":{"line":30,"column":24}},"23":{"start":{"line":30,"column":44},"end":{"line":30,"column":54}},"24":{"start":{"line":34,"column":2},"end":{"line":34,"column":null}},"25":{"start":{"line":33,"column":20},"end":{"line":33,"column":31}},"26":{"start":{"line":33,"column":50},"end":{"line":33,"column":66}},"27":{"start":{"line":14,"column":21},"end":{"line":66,"column":null}},"28":{"start":{"line":14,"column":21},"end":{"line":14,"column":26}}},"fnMap":{"0":{"name":"(anonymous_10)","decl":{"start":{"line":36,"column":2},"end":{"line":36,"column":8}},"loc":{"start":{"line":36,"column":35},"end":{"line":43,"column":null}}},"1":{"name":"(anonymous_12)","decl":{"start":{"line":45,"column":2},"end":{"line":45,"column":8}},"loc":{"start":{"line":45,"column":47},"end":{"line":52,"column":null}}},"2":{"name":"(anonymous_14)","decl":{"start":{"line":49,"column":18},"end":{"line":49,"column":19}},"loc":{"start":{"line":49,"column":26},"end":{"line":49,"column":74}}},"3":{"name":"(anonymous_15)","decl":{"start":{"line":54,"column":2},"end":{"line":54,"column":8}},"loc":{"start":{"line":54,"column":73},"end":{"line":60,"column":null}}},"4":{"name":"(anonymous_17)","decl":{"start":{"line":62,"column":2},"end":{"line":62,"column":8}},"loc":{"start":{"line":62,"column":37},"end":{"line":65,"column":null}}},"5":{"name":"(anonymous_19)","decl":{"start":{"line":30,"column":13},"end":{"line":30,"column":16}},"loc":{"start":{"line":30,"column":19},"end":{"line":30,"column":24}}},"6":{"name":"(anonymous_20)","decl":{"start":{"line":30,"column":26},"end":{"line":30,"column":27}},"loc":{"start":{"line":30,"column":44},"end":{"line":30,"column":54}}},"7":{"name":"(anonymous_21)","decl":{"start":{"line":33,"column":14},"end":{"line":33,"column":17}},"loc":{"start":{"line":33,"column":20},"end":{"line":33,"column":31}}},"8":{"name":"(anonymous_22)","decl":{"start":{"line":33,"column":33},"end":{"line":33,"column":34}},"loc":{"start":{"line":33,"column":50},"end":{"line":33,"column":66}}}},"branchMap":{},"s":{"0":3,"1":3,"2":3,"3":3,"4":1,"5":1,"6":1,"7":1,"8":1,"9":0,"10":1,"11":1,"12":1,"13":1,"14":1,"15":1,"16":3,"17":3,"18":3,"19":3,"20":3,"21":3,"22":3,"23":3,"24":3,"25":3,"26":3,"27":3,"28":3},"f":{"0":1,"1":1,"2":0,"3":1,"4":1,"5":3,"6":3,"7":3,"8":3},"b":{}}
,"/home/mr/aworkingspace/drivent/api-drivent/src/entities/Session.ts": {"path":"/home/mr/aworkingspace/drivent/api-drivent/src/entities/Session.ts","statementMap":{"0":{"start":{"line":1,"column":0},"end":{"line":1,"column":77}},"1":{"start":{"line":4,"column":0},"end":{"line":19,"column":null}},"2":{"start":{"line":15,"column":20},"end":{"line":15,"column":50}},"3":{"start":{"line":16,"column":4},"end":{"line":16,"column":25}},"4":{"start":{"line":17,"column":4},"end":{"line":17,"column":19}},"5":{"start":{"line":6,"column":2},"end":{"line":6,"column":null}},"6":{"start":{"line":9,"column":2},"end":{"line":9,"column":null}},"7":{"start":{"line":12,"column":2},"end":{"line":12,"column":null}},"8":{"start":{"line":4,"column":21},"end":{"line":19,"column":null}},"9":{"start":{"line":4,"column":21},"end":{"line":4,"column":29}}},"fnMap":{"0":{"name":"(anonymous_9)","decl":{"start":{"line":14,"column":2},"end":{"line":14,"column":8}},"loc":{"start":{"line":14,"column":54},"end":{"line":18,"column":null}}}},"branchMap":{},"s":{"0":3,"1":3,"2":7,"3":7,"4":7,"5":3,"6":3,"7":3,"8":3,"9":3},"f":{"0":7},"b":{}}
,"/home/mr/aworkingspace/drivent/api-drivent/src/entities/Setting.ts": {"path":"/home/mr/aworkingspace/drivent/api-drivent/src/entities/Setting.ts","statementMap":{"0":{"start":{"line":1,"column":0},"end":{"line":1,"column":77}},"1":{"start":{"line":4,"column":0},"end":{"line":28,"column":null}},"2":{"start":{"line":15,"column":21},"end":{"line":15,"column":38}},"3":{"start":{"line":17,"column":21},"end":{"line":18,"column":49}},"4":{"start":{"line":18,"column":6},"end":{"line":18,"column":49}},"5":{"start":{"line":18,"column":27},"end":{"line":18,"column":42}},"6":{"start":{"line":20,"column":4},"end":{"line":26,"column":6}},"7":{"start":{"line":6,"column":2},"end":{"line":6,"column":null}},"8":{"start":{"line":9,"column":2},"end":{"line":9,"column":null}},"9":{"start":{"line":12,"column":2},"end":{"line":12,"column":null}},"10":{"start":{"line":4,"column":21},"end":{"line":28,"column":null}},"11":{"start":{"line":4,"column":21},"end":{"line":4,"column":29}}},"fnMap":{"0":{"name":"(anonymous_9)","decl":{"start":{"line":14,"column":2},"end":{"line":14,"column":8}},"loc":{"start":{"line":14,"column":31},"end":{"line":27,"column":null}}},"1":{"name":"(anonymous_11)","decl":{"start":{"line":17,"column":21},"end":{"line":17,"column":22}},"loc":{"start":{"line":18,"column":6},"end":{"line":18,"column":49}}},"2":{"name":"(anonymous_12)","decl":{"start":{"line":18,"column":20},"end":{"line":18,"column":21}},"loc":{"start":{"line":18,"column":27},"end":{"line":18,"column":42}}}},"branchMap":{},"s":{"0":3,"1":3,"2":4,"3":4,"4":20,"5":60,"6":4,"7":3,"8":3,"9":3,"10":3,"11":3},"f":{"0":4,"1":20,"2":60},"b":{}}
,"/home/mr/aworkingspace/drivent/api-drivent/src/entities/Ticket.ts": {"path":"/home/mr/aworkingspace/drivent/api-drivent/src/entities/Ticket.ts","statementMap":{"0":{"start":{"line":1,"column":0},"end":{"line":1,"column":99}},"1":{"start":{"line":2,"column":0},"end":{"line":2,"column":26}},"2":{"start":{"line":5,"column":0},"end":{"line":29,"column":null}},"3":{"start":{"line":26,"column":24},"end":{"line":26,"column":43}},"4":{"start":{"line":27,"column":6},"end":{"line":27,"column":33}},"5":{"start":{"line":7,"column":4},"end":{"line":7,"column":null}},"6":{"start":{"line":10,"column":4},"end":{"line":10,"column":null}},"7":{"start":{"line":13,"column":4},"end":{"line":13,"column":null}},"8":{"start":{"line":16,"column":4},"end":{"line":16,"column":null}},"9":{"start":{"line":19,"column":4},"end":{"line":19,"column":null}},"10":{"start":{"line":23,"column":6},"end":{"line":23,"column":null}},"11":{"start":{"line":21,"column":20},"end":{"line":21,"column":24}},"12":{"start":{"line":21,"column":42},"end":{"line":21,"column":53}},"13":{"start":{"line":5,"column":21},"end":{"line":29,"column":null}},"14":{"start":{"line":5,"column":21},"end":{"line":5,"column":28}}},"fnMap":{"0":{"name":"(anonymous_10)","decl":{"start":{"line":25,"column":4},"end":{"line":25,"column":10}},"loc":{"start":{"line":25,"column":42},"end":{"line":28,"column":null}}},"1":{"name":"(anonymous_12)","decl":{"start":{"line":21,"column":14},"end":{"line":21,"column":17}},"loc":{"start":{"line":21,"column":20},"end":{"line":21,"column":24}}},"2":{"name":"(anonymous_13)","decl":{"start":{"line":21,"column":26},"end":{"line":21,"column":27}},"loc":{"start":{"line":21,"column":42},"end":{"line":21,"column":53}}}},"branchMap":{},"s":{"0":3,"1":3,"2":3,"3":0,"4":0,"5":3,"6":3,"7":3,"8":3,"9":3,"10":3,"11":3,"12":3,"13":3,"14":3},"f":{"0":0,"1":3,"2":3},"b":{}}
,"/home/mr/aworkingspace/drivent/api-drivent/src/entities/User.ts": {"path":"/home/mr/aworkingspace/drivent/api-drivent/src/entities/User.ts","statementMap":{"0":{"start":{"line":1,"column":0},"end":{"line":1,"column":null}},"1":{"start":{"line":8,"column":0},"end":{"line":8,"column":28}},"2":{"start":{"line":9,"column":0},"end":{"line":9,"column":64}},"3":{"start":{"line":10,"column":0},"end":{"line":10,"column":30}},"4":{"start":{"line":11,"column":0},"end":{"line":11,"column":40}},"5":{"start":{"line":14,"column":0},"end":{"line":69,"column":null}},"6":{"start":{"line":36,"column":4},"end":{"line":36,"column":45}},"7":{"start":{"line":37,"column":27},"end":{"line":37,"column":54}},"8":{"start":{"line":39,"column":20},"end":{"line":39,"column":68}},"9":{"start":{"line":40,"column":4},"end":{"line":40,"column":25}},"10":{"start":{"line":42,"column":4},"end":{"line":42,"column":19}},"11":{"start":{"line":46,"column":4},"end":{"line":46,"column":41}},"12":{"start":{"line":50,"column":17},"end":{"line":50,"column":46}},"13":{"start":{"line":52,"column":4},"end":{"line":54,"column":null}},"14":{"start":{"line":53,"column":6},"end":{"line":53,"column":46}},"15":{"start":{"line":58,"column":17},"end":{"line":61,"column":6}},"16":{"start":{"line":63,"column":4},"end":{"line":65,"column":null}},"17":{"start":{"line":64,"column":6},"end":{"line":64,"column":18}},"18":{"start":{"line":67,"column":4},"end":{"line":67,"column":16}},"19":{"start":{"line":16,"column":2},"end":{"line":16,"column":null}},"20":{"start":{"line":19,"column":2},"end":{"line":19,"column":null}},"21":{"start":{"line":22,"column":2},"end":{"line":22,"column":null}},"22":{"start":{"line":25,"column":2},"end":{"line":25,"column":null}},"23":{"start":{"line":24,"column":46},"end":{"line":24,"column":65}},"24":{"start":{"line":28,"column":2},"end":{"line":28,"column":null}},"25":{"start":{"line":27,"column":18},"end":{"line":27,"column":24}},"26":{"start":{"line":27,"column":38},"end":{"line":27,"column":49}},"27":{"start":{"line":33,"column":2},"end":{"line":33,"column":null}},"28":{"start":{"line":30,"column":18},"end":{"line":30,"column":29}},"29":{"start":{"line":30,"column":48},"end":{"line":30,"column":64}},"30":{"start":{"line":14,"column":21},"end":{"line":69,"column":null}},"31":{"start":{"line":14,"column":21},"end":{"line":14,"column":26}}},"fnMap":{"0":{"name":"(anonymous_10)","decl":{"start":{"line":35,"column":2},"end":{"line":35,"column":8}},"loc":{"start":{"line":35,"column":56},"end":{"line":43,"column":null}}},"1":{"name":"(anonymous_12)","decl":{"start":{"line":45,"column":2},"end":{"line":45,"column":8}},"loc":{"start":{"line":45,"column":38},"end":{"line":47,"column":3}}},"2":{"name":"(anonymous_13)","decl":{"start":{"line":49,"column":2},"end":{"line":49,"column":8}},"loc":{"start":{"line":49,"column":51},"end":{"line":55,"column":null}}},"3":{"name":"(anonymous_15)","decl":{"start":{"line":57,"column":2},"end":{"line":57,"column":8}},"loc":{"start":{"line":57,"column":69},"end":{"line":68,"column":null}}},"4":{"name":"(anonymous_17)","decl":{"start":{"line":24,"column":40},"end":{"line":24,"column":43}},"loc":{"start":{"line":24,"column":46},"end":{"line":24,"column":65}}},"5":{"name":"(anonymous_18)","decl":{"start":{"line":27,"column":12},"end":{"line":27,"column":15}},"loc":{"start":{"line":27,"column":18},"end":{"line":27,"column":24}}},"6":{"name":"(anonymous_19)","decl":{"start":{"line":27,"column":26},"end":{"line":27,"column":27}},"loc":{"start":{"line":27,"column":38},"end":{"line":27,"column":49}}},"7":{"name":"(anonymous_20)","decl":{"start":{"line":30,"column":12},"end":{"line":30,"column":15}},"loc":{"start":{"line":30,"column":18},"end":{"line":30,"column":29}}},"8":{"name":"(anonymous_21)","decl":{"start":{"line":30,"column":31},"end":{"line":30,"column":32}},"loc":{"start":{"line":30,"column":48},"end":{"line":30,"column":64}}}},"branchMap":{"0":{"loc":{"start":{"line":52,"column":4},"end":{"line":54,"column":null}},"type":"if","locations":[{"start":{"line":52,"column":4},"end":{"line":54,"column":null}},{"start":{"line":52,"column":4},"end":{"line":54,"column":null}}]},"1":{"loc":{"start":{"line":63,"column":4},"end":{"line":65,"column":null}},"type":"if","locations":[{"start":{"line":63,"column":4},"end":{"line":65,"column":null}},{"start":{"line":63,"column":4},"end":{"line":65,"column":null}}]},"2":{"loc":{"start":{"line":63,"column":8},"end":{"line":63,"column":12}},"type":"binary-expr","locations":[{"start":{"line":63,"column":8},"end":{"line":63,"column":12}},{"start":{"line":63,"column":16},"end":{"line":63,"column":59}}]}},"s":{"0":3,"1":3,"2":3,"3":3,"4":3,"5":3,"6":2,"7":1,"8":1,"9":1,"10":1,"11":1,"12":2,"13":2,"14":1,"15":0,"16":0,"17":0,"18":0,"19":3,"20":3,"21":3,"22":3,"23":0,"24":3,"25":3,"26":3,"27":3,"28":3,"29":3,"30":3,"31":3},"f":{"0":2,"1":1,"2":2,"3":0,"4":0,"5":3,"6":3,"7":3,"8":3},"b":{"0":[1,1],"1":[0,0],"2":[0,0]}}
,"/home/mr/aworkingspace/drivent/api-drivent/src/errors/CannotEnrollBeforeStartDate.ts": {"path":"/home/mr/aworkingspace/drivent/api-drivent/src/errors/CannotEnrollBeforeStartDate.ts","statementMap":{"0":{"start":{"line":3,"column":4},"end":{"line":3,"column":52}},"1":{"start":{"line":5,"column":4},"end":{"line":5,"column":51}},"2":{"start":{"line":1,"column":0},"end":{"line":1,"column":21}}},"fnMap":{"0":{"name":"(anonymous_0)","decl":{"start":{"line":2,"column":2},"end":{"line":2,"column":null}},"loc":{"start":{"line":2,"column":2},"end":{"line":6,"column":3}}}},"branchMap":{},"s":{"0":1,"1":1,"2":3},"f":{"0":1},"b":{}}
,"/home/mr/aworkingspace/drivent/api-drivent/src/errors/ConflictError.ts": {"path":"/home/mr/aworkingspace/drivent/api-drivent/src/errors/ConflictError.ts","statementMap":{"0":{"start":{"line":3,"column":4},"end":{"line":3,"column":19}},"1":{"start":{"line":5,"column":4},"end":{"line":5,"column":32}},"2":{"start":{"line":1,"column":0},"end":{"line":1,"column":21}}},"fnMap":{"0":{"name":"(anonymous_0)","decl":{"start":{"line":2,"column":2},"end":{"line":2,"column":14}},"loc":{"start":{"line":2,"column":29},"end":{"line":6,"column":3}}}},"branchMap":{},"s":{"0":1,"1":1,"2":3},"f":{"0":1},"b":{}}
,"/home/mr/aworkingspace/drivent/api-drivent/src/errors/CpfNotAvailable.ts": {"path":"/home/mr/aworkingspace/drivent/api-drivent/src/errors/CpfNotAvailable.ts","statementMap":{"0":{"start":{"line":1,"column":0},"end":{"line":1,"column":51}},"1":{"start":{"line":5,"column":4},"end":{"line":5,"column":57}},"2":{"start":{"line":7,"column":4},"end":{"line":7,"column":34}},"3":{"start":{"line":3,"column":0},"end":{"line":3,"column":21}}},"fnMap":{"0":{"name":"(anonymous_1)","decl":{"start":{"line":4,"column":2},"end":{"line":4,"column":14}},"loc":{"start":{"line":4,"column":25},"end":{"line":8,"column":3}}}},"branchMap":{},"s":{"0":3,"1":0,"2":0,"3":3},"f":{"0":0},"b":{}}
,"/home/mr/aworkingspace/drivent/api-drivent/src/errors/EmailNotAvailable.ts": {"path":"/home/mr/aworkingspace/drivent/api-drivent/src/errors/EmailNotAvailable.ts","statementMap":{"0":{"start":{"line":1,"column":0},"end":{"line":1,"column":51}},"1":{"start":{"line":5,"column":4},"end":{"line":5,"column":61}},"2":{"start":{"line":7,"column":4},"end":{"line":7,"column":41}},"3":{"start":{"line":3,"column":0},"end":{"line":3,"column":21}}},"fnMap":{"0":{"name":"(anonymous_1)","decl":{"start":{"line":4,"column":2},"end":{"line":4,"column":14}},"loc":{"start":{"line":4,"column":27},"end":{"line":8,"column":3}}}},"branchMap":{},"s":{"0":3,"1":1,"2":1,"3":3},"f":{"0":1},"b":{}}
,"/home/mr/aworkingspace/drivent/api-drivent/src/errors/InvalidData.ts": {"path":"/home/mr/aworkingspace/drivent/api-drivent/src/errors/InvalidData.ts","statementMap":{"0":{"start":{"line":5,"column":4},"end":{"line":5,"column":29}},"1":{"start":{"line":7,"column":4},"end":{"line":7,"column":27}},"2":{"start":{"line":8,"column":4},"end":{"line":8,"column":35}},"3":{"start":{"line":1,"column":0},"end":{"line":1,"column":21}}},"fnMap":{"0":{"name":"(anonymous_0)","decl":{"start":{"line":4,"column":2},"end":{"line":4,"column":14}},"loc":{"start":{"line":4,"column":45},"end":{"line":9,"column":3}}}},"branchMap":{},"s":{"0":0,"1":0,"2":0,"3":3},"f":{"0":0},"b":{}}
,"/home/mr/aworkingspace/drivent/api-drivent/src/errors/InvalidEmail.ts": {"path":"/home/mr/aworkingspace/drivent/api-drivent/src/errors/InvalidEmail.ts","statementMap":{"0":{"start":{"line":3,"column":4},"end":{"line":3,"column":46}},"1":{"start":{"line":5,"column":4},"end":{"line":5,"column":36}},"2":{"start":{"line":1,"column":0},"end":{"line":1,"column":21}}},"fnMap":{"0":{"name":"(anonymous_0)","decl":{"start":{"line":2,"column":2},"end":{"line":2,"column":14}},"loc":{"start":{"line":2,"column":27},"end":{"line":6,"column":3}}}},"branchMap":{},"s":{"0":0,"1":0,"2":3},"f":{"0":0},"b":{}}
,"/home/mr/aworkingspace/drivent/api-drivent/src/errors/NotFoundError.ts": {"path":"/home/mr/aworkingspace/drivent/api-drivent/src/errors/NotFoundError.ts","statementMap":{"0":{"start":{"line":3,"column":4},"end":{"line":3,"column":40}},"1":{"start":{"line":5,"column":4},"end":{"line":5,"column":32}},"2":{"start":{"line":1,"column":0},"end":{"line":1,"column":21}}},"fnMap":{"0":{"name":"(anonymous_0)","decl":{"start":{"line":2,"column":2},"end":{"line":2,"column":null}},"loc":{"start":{"line":2,"column":2},"end":{"line":6,"column":3}}}},"branchMap":{},"s":{"0":0,"1":0,"2":3},"f":{"0":0},"b":{}}
,"/home/mr/aworkingspace/drivent/api-drivent/src/errors/Unauthorized.ts": {"path":"/home/mr/aworkingspace/drivent/api-drivent/src/errors/Unauthorized.ts","statementMap":{"0":{"start":{"line":3,"column":4},"end":{"line":3,"column":47}},"1":{"start":{"line":5,"column":4},"end":{"line":5,"column":36}},"2":{"start":{"line":1,"column":0},"end":{"line":1,"column":21}}},"fnMap":{"0":{"name":"(anonymous_0)","decl":{"start":{"line":2,"column":2},"end":{"line":2,"column":null}},"loc":{"start":{"line":2,"column":2},"end":{"line":6,"column":3}}}},"branchMap":{},"s":{"0":0,"1":0,"2":3},"f":{"0":0},"b":{}}
,"/home/mr/aworkingspace/drivent/api-drivent/src/middlewares/errorHandlingMiddleware.ts": {"path":"/home/mr/aworkingspace/drivent/api-drivent/src/middlewares/errorHandlingMiddleware.ts","statementMap":{"0":{"start":{"line":2,"column":0},"end":{"line":2,"column":37}},"1":{"start":{"line":4,"column":0},"end":{"line":4,"column":54}},"2":{"start":{"line":5,"column":0},"end":{"line":5,"column":84}},"3":{"start":{"line":6,"column":0},"end":{"line":6,"column":52}},"4":{"start":{"line":7,"column":0},"end":{"line":7,"column":51}},"5":{"start":{"line":8,"column":0},"end":{"line":8,"column":54}},"6":{"start":{"line":9,"column":0},"end":{"line":9,"column":51}},"7":{"start":{"line":13,"column":2},"end":{"line":17,"column":null}},"8":{"start":{"line":14,"column":4},"end":{"line":16,"column":7}},"9":{"start":{"line":19,"column":2},"end":{"line":23,"column":null}},"10":{"start":{"line":20,"column":4},"end":{"line":22,"column":7}},"11":{"start":{"line":25,"column":2},"end":{"line":30,"column":null}},"12":{"start":{"line":26,"column":4},"end":{"line":29,"column":7}},"13":{"start":{"line":32,"column":2},"end":{"line":36,"column":null}},"14":{"start":{"line":33,"column":4},"end":{"line":35,"column":7}},"15":{"start":{"line":38,"column":2},"end":{"line":42,"column":null}},"16":{"start":{"line":39,"column":4},"end":{"line":41,"column":7}},"17":{"start":{"line":44,"column":2},"end":{"line":48,"column":null}},"18":{"start":{"line":45,"column":4},"end":{"line":47,"column":7}},"19":{"start":{"line":51,"column":2},"end":{"line":51,"column":21}},"20":{"start":{"line":52,"column":2},"end":{"line":54,"column":5}},"21":{"start":{"line":12,"column":0},"end":{"line":12,"column":24}}},"fnMap":{"0":{"name":"errorHandlingMiddleware","decl":{"start":{"line":12,"column":24},"end":{"line":12,"column":47}},"loc":{"start":{"line":12,"column":110},"end":{"line":55,"column":1}}}},"branchMap":{"0":{"loc":{"start":{"line":13,"column":2},"end":{"line":17,"column":null}},"type":"if","locations":[{"start":{"line":13,"column":2},"end":{"line":17,"column":null}},{"start":{"line":13,"column":2},"end":{"line":17,"column":null}}]},"1":{"loc":{"start":{"line":19,"column":2},"end":{"line":23,"column":null}},"type":"if","locations":[{"start":{"line":19,"column":2},"end":{"line":23,"column":null}},{"start":{"line":19,"column":2},"end":{"line":23,"column":null}}]},"2":{"loc":{"start":{"line":25,"column":2},"end":{"line":30,"column":null}},"type":"if","locations":[{"start":{"line":25,"column":2},"end":{"line":30,"column":null}},{"start":{"line":25,"column":2},"end":{"line":30,"column":null}}]},"3":{"loc":{"start":{"line":32,"column":2},"end":{"line":36,"column":null}},"type":"if","locations":[{"start":{"line":32,"column":2},"end":{"line":36,"column":null}},{"start":{"line":32,"column":2},"end":{"line":36,"column":null}}]},"4":{"loc":{"start":{"line":38,"column":2},"end":{"line":42,"column":null}},"type":"if","locations":[{"start":{"line":38,"column":2},"end":{"line":42,"column":null}},{"start":{"line":38,"column":2},"end":{"line":42,"column":null}}]},"5":{"loc":{"start":{"line":44,"column":2},"end":{"line":48,"column":null}},"type":"if","locations":[{"start":{"line":44,"column":2},"end":{"line":48,"column":null}},{"start":{"line":44,"column":2},"end":{"line":48,"column":null}}]}},"s":{"0":3,"1":3,"2":3,"3":3,"4":3,"5":3,"6":3,"7":2,"8":0,"9":2,"10":1,"11":1,"12":0,"13":1,"14":1,"15":0,"16":0,"17":0,"18":0,"19":0,"20":0,"21":3},"f":{"0":2},"b":{"0":[0,2],"1":[1,1],"2":[0,1],"3":[1,0],"4":[0,0],"5":[0,0]}}
,"/home/mr/aworkingspace/drivent/api-drivent/src/middlewares/schemaValidatingMiddleware.ts": {"path":"/home/mr/aworkingspace/drivent/api-drivent/src/middlewares/schemaValidatingMiddleware.ts","statementMap":{"0":{"start":{"line":4,"column":0},"end":{"line":4,"column":52}},"1":{"start":{"line":11,"column":2},"end":{"line":19,"column":4}},"2":{"start":{"line":12,"column":23},"end":{"line":12,"column":84}},"3":{"start":{"line":14,"column":4},"end":{"line":16,"column":null}},"4":{"start":{"line":15,"column":6},"end":{"line":15,"column":95}},"5":{"start":{"line":15,"column":79},"end":{"line":15,"column":92}},"6":{"start":{"line":18,"column":4},"end":{"line":18,"column":11}},"7":{"start":{"line":10,"column":0},"end":{"line":10,"column":24}}},"fnMap":{"0":{"name":"schemaValidatingMiddleware","decl":{"start":{"line":10,"column":24},"end":{"line":10,"column":50}},"loc":{"start":{"line":10,"column":117},"end":{"line":20,"column":1}}},"1":{"name":"(anonymous_2)","decl":{"start":{"line":11,"column":9},"end":{"line":11,"column":18}},"loc":{"start":{"line":11,"column":65},"end":{"line":19,"column":3}}},"2":{"name":"(anonymous_3)","decl":{"start":{"line":15,"column":70},"end":{"line":15,"column":75}},"loc":{"start":{"line":15,"column":79},"end":{"line":15,"column":92}}}},"branchMap":{"0":{"loc":{"start":{"line":10,"column":96},"end":{"line":10,"column":117}},"type":"default-arg","locations":[{"start":{"line":10,"column":96},"end":{"line":10,"column":117}}]},"1":{"loc":{"start":{"line":14,"column":4},"end":{"line":16,"column":null}},"type":"if","locations":[{"start":{"line":14,"column":4},"end":{"line":16,"column":null}},{"start":{"line":14,"column":4},"end":{"line":16,"column":null}}]}},"s":{"0":3,"1":12,"2":3,"3":3,"4":0,"5":0,"6":3,"7":3},"f":{"0":12,"1":3,"2":0},"b":{"0":[12],"1":[0,3]}}
,"/home/mr/aworkingspace/drivent/api-drivent/src/middlewares/tokenValidationMiddleware.ts": {"path":"/home/mr/aworkingspace/drivent/api-drivent/src/middlewares/tokenValidationMiddleware.ts","statementMap":{"0":{"start":{"line":3,"column":0},"end":{"line":3,"column":31}},"1":{"start":{"line":5,"column":0},"end":{"line":5,"column":60}},"2":{"start":{"line":6,"column":0},"end":{"line":6,"column":54}},"3":{"start":{"line":13,"column":2},"end":{"line":33,"column":null}},"4":{"start":{"line":14,"column":23},"end":{"line":14,"column":50}},"5":{"start":{"line":16,"column":18},"end":{"line":16,"column":52}},"6":{"start":{"line":17,"column":4},"end":{"line":19,"column":null}},"7":{"start":{"line":18,"column":6},"end":{"line":18,"column":36}},"8":{"start":{"line":21,"column":23},"end":{"line":21,"column":78}},"9":{"start":{"line":23,"column":24},"end":{"line":23,"column":70}},"10":{"start":{"line":25,"column":4},"end":{"line":27,"column":null}},"11":{"start":{"line":26,"column":6},"end":{"line":26,"column":36}},"12":{"start":{"line":29,"column":4},"end":{"line":29,"column":30}},"13":{"start":{"line":30,"column":4},"end":{"line":30,"column":11}},"14":{"start":{"line":32,"column":4},"end":{"line":32,"column":34}},"15":{"start":{"line":12,"column":0},"end":{"line":12,"column":30}}},"fnMap":{"0":{"name":"authenticationMiddleware","decl":{"start":{"line":12,"column":30},"end":{"line":12,"column":54}},"loc":{"start":{"line":12,"column":102},"end":{"line":34,"column":null}}}},"branchMap":{"0":{"loc":{"start":{"line":16,"column":28},"end":{"line":16,"column":30}},"type":"cond-expr","locations":[{"start":{"line":16,"column":28},"end":{"line":16,"column":30}},{"start":{"line":16,"column":18},"end":{"line":16,"column":52}}]},"1":{"loc":{"start":{"line":16,"column":18},"end":{"line":16,"column":30}},"type":"binary-expr","locations":[{"start":{"line":16,"column":18},"end":{"line":16,"column":30}},{"start":{"line":16,"column":18},"end":{"line":16,"column":30}}]},"2":{"loc":{"start":{"line":17,"column":4},"end":{"line":19,"column":null}},"type":"if","locations":[{"start":{"line":17,"column":4},"end":{"line":19,"column":null}},{"start":{"line":17,"column":4},"end":{"line":19,"column":null}}]},"3":{"loc":{"start":{"line":25,"column":4},"end":{"line":27,"column":null}},"type":"if","locations":[{"start":{"line":25,"column":4},"end":{"line":27,"column":null}},{"start":{"line":25,"column":4},"end":{"line":27,"column":null}}]}},"s":{"0":3,"1":3,"2":3,"3":7,"4":7,"5":7,"6":7,"7":0,"8":7,"9":7,"10":7,"11":0,"12":7,"13":7,"14":0,"15":3},"f":{"0":7},"b":{"0":[0,7],"1":[7,7],"2":[0,7],"3":[0,7]}}
,"/home/mr/aworkingspace/drivent/api-drivent/src/routers/index.ts": {"path":"/home/mr/aworkingspace/drivent/api-drivent/src/routers/index.ts","statementMap":{"0":{"start":{"line":1,"column":0},"end":{"line":1,"column":33}},"1":{"start":{"line":3,"column":0},"end":{"line":3,"column":44}},"2":{"start":{"line":5,"column":15},"end":{"line":5,"column":23}},"3":{"start":{"line":7,"column":0},"end":{"line":7,"column":30}},"4":{"start":{"line":9,"column":0},"end":{"line":9,"column":22}}},"fnMap":{},"branchMap":{},"s":{"0":3,"1":3,"2":3,"3":3,"4":3},"f":{},"b":{}}
,"/home/mr/aworkingspace/drivent/api-drivent/src/routers/client/auth.ts": {"path":"/home/mr/aworkingspace/drivent/api-drivent/src/routers/client/auth.ts","statementMap":{"0":{"start":{"line":1,"column":0},"end":{"line":1,"column":33}},"1":{"start":{"line":3,"column":0},"end":{"line":3,"column":56}},"2":{"start":{"line":4,"column":0},"end":{"line":4,"column":82}},"3":{"start":{"line":6,"column":0},"end":{"line":6,"column":50}},"4":{"start":{"line":8,"column":15},"end":{"line":8,"column":23}},"5":{"start":{"line":10,"column":0},"end":{"line":10,"column":85}},"6":{"start":{"line":12,"column":0},"end":{"line":12,"column":22}}},"fnMap":{},"branchMap":{},"s":{"0":3,"1":3,"2":3,"3":3,"4":3,"5":3,"6":3},"f":{},"b":{}}
,"/home/mr/aworkingspace/drivent/api-drivent/src/routers/client/enrollment.ts": {"path":"/home/mr/aworkingspace/drivent/api-drivent/src/routers/client/enrollment.ts","statementMap":{"0":{"start":{"line":1,"column":0},"end":{"line":1,"column":33}},"1":{"start":{"line":3,"column":0},"end":{"line":3,"column":62}},"2":{"start":{"line":5,"column":0},"end":{"line":5,"column":82}},"3":{"start":{"line":7,"column":0},"end":{"line":7,"column":58}},"4":{"start":{"line":9,"column":15},"end":{"line":9,"column":23}},"5":{"start":{"line":11,"column":0},"end":{"line":11,"column":94}},"6":{"start":{"line":12,"column":0},"end":{"line":12,"column":47}},"7":{"start":{"line":14,"column":0},"end":{"line":14,"column":22}}},"fnMap":{},"branchMap":{},"s":{"0":3,"1":3,"2":3,"3":3,"4":3,"5":3,"6":3,"7":3},"f":{},"b":{}}
,"/home/mr/aworkingspace/drivent/api-drivent/src/routers/client/event.ts": {"path":"/home/mr/aworkingspace/drivent/api-drivent/src/routers/client/event.ts","statementMap":{"0":{"start":{"line":1,"column":0},"end":{"line":1,"column":33}},"1":{"start":{"line":3,"column":0},"end":{"line":3,"column":57}},"2":{"start":{"line":5,"column":15},"end":{"line":5,"column":23}},"3":{"start":{"line":7,"column":0},"end":{"line":7,"column":32}},"4":{"start":{"line":9,"column":0},"end":{"line":9,"column":22}}},"fnMap":{},"branchMap":{},"s":{"0":3,"1":3,"2":3,"3":3,"4":3},"f":{},"b":{}}
,"/home/mr/aworkingspace/drivent/api-drivent/src/routers/client/hotel.ts": {"path":"/home/mr/aworkingspace/drivent/api-drivent/src/routers/client/hotel.ts","statementMap":{"0":{"start":{"line":1,"column":0},"end":{"line":1,"column":33}},"1":{"start":{"line":3,"column":0},"end":{"line":3,"column":57}},"2":{"start":{"line":5,"column":15},"end":{"line":5,"column":23}},"3":{"start":{"line":7,"column":0},"end":{"line":7,"column":32}},"4":{"start":{"line":9,"column":0},"end":{"line":9,"column":51}},"5":{"start":{"line":11,"column":0},"end":{"line":11,"column":64}},"6":{"start":{"line":13,"column":0},"end":{"line":13,"column":54}},"7":{"start":{"line":14,"column":0},"end":{"line":14,"column":22}}},"fnMap":{},"branchMap":{},"s":{"0":3,"1":3,"2":3,"3":3,"4":3,"5":3,"6":3,"7":3},"f":{},"b":{}}
,"/home/mr/aworkingspace/drivent/api-drivent/src/routers/client/index.ts": {"path":"/home/mr/aworkingspace/drivent/api-drivent/src/routers/client/index.ts","statementMap":{"0":{"start":{"line":1,"column":0},"end":{"line":1,"column":33}},"1":{"start":{"line":3,"column":0},"end":{"line":3,"column":49}},"2":{"start":{"line":4,"column":0},"end":{"line":4,"column":47}},"3":{"start":{"line":5,"column":0},"end":{"line":5,"column":47}},"4":{"start":{"line":6,"column":0},"end":{"line":6,"column":59}},"5":{"start":{"line":7,"column":0},"end":{"line":7,"column":51}},"6":{"start":{"line":8,"column":0},"end":{"line":8,"column":49}},"7":{"start":{"line":10,"column":0},"end":{"line":10,"column":80}},"8":{"start":{"line":12,"column":15},"end":{"line":12,"column":23}},"9":{"start":{"line":14,"column":0},"end":{"line":14,"column":34}},"10":{"start":{"line":15,"column":0},"end":{"line":15,"column":33}},"11":{"start":{"line":16,"column":0},"end":{"line":16,"column":32}},"12":{"start":{"line":17,"column":0},"end":{"line":17,"column":72}},"13":{"start":{"line":18,"column":0},"end":{"line":18,"column":63}},"14":{"start":{"line":19,"column":0},"end":{"line":19,"column":62}},"15":{"start":{"line":21,"column":0},"end":{"line":21,"column":22}}},"fnMap":{},"branchMap":{},"s":{"0":3,"1":3,"2":3,"3":3,"4":3,"5":3,"6":3,"7":3,"8":3,"9":3,"10":3,"11":3,"12":3,"13":3,"14":3,"15":3},"f":{},"b":{}}
,"/home/mr/aworkingspace/drivent/api-drivent/src/routers/client/ticket.ts": {"path":"/home/mr/aworkingspace/drivent/api-drivent/src/routers/client/ticket.ts","statementMap":{"0":{"start":{"line":1,"column":0},"end":{"line":1,"column":33}},"1":{"start":{"line":3,"column":0},"end":{"line":3,"column":58}},"2":{"start":{"line":5,"column":0},"end":{"line":5,"column":82}},"3":{"start":{"line":6,"column":0},"end":{"line":6,"column":50}},"4":{"start":{"line":8,"column":15},"end":{"line":8,"column":23}},"5":{"start":{"line":10,"column":0},"end":{"line":10,"column":82}},"6":{"start":{"line":12,"column":0},"end":{"line":12,"column":22}}},"fnMap":{},"branchMap":{},"s":{"0":3,"1":3,"2":3,"3":3,"4":3,"5":3,"6":3},"f":{},"b":{}}
,"/home/mr/aworkingspace/drivent/api-drivent/src/routers/client/user.ts": {"path":"/home/mr/aworkingspace/drivent/api-drivent/src/routers/client/user.ts","statementMap":{"0":{"start":{"line":1,"column":0},"end":{"line":1,"column":33}},"1":{"start":{"line":3,"column":0},"end":{"line":3,"column":56}},"2":{"start":{"line":5,"column":0},"end":{"line":5,"column":82}},"3":{"start":{"line":6,"column":0},"end":{"line":6,"column":58}},"4":{"start":{"line":8,"column":15},"end":{"line":8,"column":23}},"5":{"start":{"line":10,"column":0},"end":{"line":10,"column":85}},"6":{"start":{"line":12,"column":0},"end":{"line":12,"column":22}}},"fnMap":{},"branchMap":{},"s":{"0":3,"1":3,"2":3,"3":3,"4":3,"5":3,"6":3},"f":{},"b":{}}
,"/home/mr/aworkingspace/drivent/api-drivent/src/schemas/createNewUser.ts": {"path":"/home/mr/aworkingspace/drivent/api-drivent/src/schemas/createNewUser.ts","statementMap":{"0":{"start":{"line":1,"column":0},"end":{"line":1,"column":22}},"1":{"start":{"line":3,"column":0},"end":{"line":6,"column":3}}},"fnMap":{},"branchMap":{},"s":{"0":3,"1":3},"f":{},"b":{}}
,"/home/mr/aworkingspace/drivent/api-drivent/src/schemas/enrollmentSchema.ts": {"path":"/home/mr/aworkingspace/drivent/api-drivent/src/schemas/enrollmentSchema.ts","statementMap":{"0":{"start":{"line":1,"column":0},"end":{"line":1,"column":22}},"1":{"start":{"line":3,"column":0},"end":{"line":17,"column":3}}},"fnMap":{},"branchMap":{},"s":{"0":3,"1":3},"f":{},"b":{}}
,"/home/mr/aworkingspace/drivent/api-drivent/src/schemas/signInSchema.ts": {"path":"/home/mr/aworkingspace/drivent/api-drivent/src/schemas/signInSchema.ts","statementMap":{"0":{"start":{"line":1,"column":0},"end":{"line":1,"column":22}},"1":{"start":{"line":3,"column":0},"end":{"line":6,"column":3}}},"fnMap":{},"branchMap":{},"s":{"0":3,"1":3},"f":{},"b":{}}
,"/home/mr/aworkingspace/drivent/api-drivent/src/schemas/ticketSchema.ts": {"path":"/home/mr/aworkingspace/drivent/api-drivent/src/schemas/ticketSchema.ts","statementMap":{"0":{"start":{"line":1,"column":0},"end":{"line":1,"column":22}},"1":{"start":{"line":3,"column":0},"end":{"line":8,"column":3}}},"fnMap":{},"branchMap":{},"s":{"0":3,"1":3},"f":{},"b":{}}
,"/home/mr/aworkingspace/drivent/api-drivent/src/services/client/auth.ts": {"path":"/home/mr/aworkingspace/drivent/api-drivent/src/services/client/auth.ts","statementMap":{"0":{"start":{"line":1,"column":0},"end":{"line":1,"column":31}},"1":{"start":{"line":3,"column":0},"end":{"line":3,"column":54}},"2":{"start":{"line":4,"column":0},"end":{"line":4,"column":35}},"3":{"start":{"line":5,"column":0},"end":{"line":5,"column":41}},"4":{"start":{"line":8,"column":15},"end":{"line":8,"column":65}},"5":{"start":{"line":10,"column":2},"end":{"line":12,"column":null}},"6":{"start":{"line":11,"column":4},"end":{"line":11,"column":34}},"7":{"start":{"line":14,"column":16},"end":{"line":18,"column":null}},"8":{"start":{"line":21,"column":18},"end":{"line":21,"column":57}},"9":{"start":{"line":23,"column":2},"end":{"line":23,"column":29}},"10":{"start":{"line":24,"column":2},"end":{"line":24,"column":33}},"11":{"start":{"line":26,"column":2},"end":{"line":34,"column":4}},"12":{"start":{"line":7,"column":0},"end":{"line":7,"column":22}}},"fnMap":{"0":{"name":"signIn","decl":{"start":{"line":7,"column":22},"end":{"line":7,"column":28}},"loc":{"start":{"line":7,"column":60},"end":{"line":35,"column":null}}}},"branchMap":{"0":{"loc":{"start":{"line":10,"column":2},"end":{"line":12,"column":null}},"type":"if","locations":[{"start":{"line":10,"column":2},"end":{"line":12,"column":null}},{"start":{"line":10,"column":2},"end":{"line":12,"column":null}}]}},"s":{"0":3,"1":3,"2":3,"3":3,"4":0,"5":0,"6":0,"7":0,"8":0,"9":0,"10":0,"11":0,"12":3},"f":{"0":0},"b":{"0":[0,0]}}
,"/home/mr/aworkingspace/drivent/api-drivent/src/services/client/enrollment.ts": {"path":"/home/mr/aworkingspace/drivent/api-drivent/src/services/client/enrollment.ts","statementMap":{"0":{"start":{"line":2,"column":0},"end":{"line":2,"column":47}},"1":{"start":{"line":5,"column":2},"end":{"line":5,"column":50}},"2":{"start":{"line":4,"column":0},"end":{"line":4,"column":22}},"3":{"start":{"line":9,"column":2},"end":{"line":9,"column":57}},"4":{"start":{"line":8,"column":0},"end":{"line":8,"column":22}}},"fnMap":{"0":{"name":"createNewEnrollment","decl":{"start":{"line":4,"column":22},"end":{"line":4,"column":41}},"loc":{"start":{"line":4,"column":72},"end":{"line":6,"column":null}}},"1":{"name":"getEnrollmentWithAddress","decl":{"start":{"line":8,"column":22},"end":{"line":8,"column":46}},"loc":{"start":{"line":8,"column":61},"end":{"line":10,"column":null}}}},"branchMap":{},"s":{"0":3,"1":0,"2":3,"3":0,"4":3},"f":{"0":0,"1":0},"b":{}}
,"/home/mr/aworkingspace/drivent/api-drivent/src/services/client/event.ts": {"path":"/home/mr/aworkingspace/drivent/api-drivent/src/services/client/event.ts","statementMap":{"0":{"start":{"line":1,"column":0},"end":{"line":1,"column":41}},"1":{"start":{"line":4,"column":2},"end":{"line":4,"column":42}},"2":{"start":{"line":3,"column":0},"end":{"line":3,"column":22}}},"fnMap":{"0":{"name":"getEventInfo","decl":{"start":{"line":3,"column":22},"end":{"line":3,"column":34}},"loc":{"start":{"line":3,"column":34},"end":{"line":5,"column":null}}}},"branchMap":{},"s":{"0":3,"1":1,"2":3},"f":{"0":1},"b":{}}
,"/home/mr/aworkingspace/drivent/api-drivent/src/services/client/hotel.ts": {"path":"/home/mr/aworkingspace/drivent/api-drivent/src/services/client/hotel.ts","statementMap":{"0":{"start":{"line":1,"column":0},"end":{"line":1,"column":37}},"1":{"start":{"line":2,"column":0},"end":{"line":2,"column":49}},"2":{"start":{"line":3,"column":0},"end":{"line":3,"column":35}},"3":{"start":{"line":15,"column":17},"end":{"line":15,"column":37}},"4":{"start":{"line":16,"column":30},"end":{"line":16,"column":32}},"5":{"start":{"line":18,"column":2},"end":{"line":21,"column":null}},"6":{"start":{"line":18,"column":15},"end":{"line":18,"column":16}},"7":{"start":{"line":19,"column":27},"end":{"line":19,"column":68}},"8":{"start":{"line":20,"column":4},"end":{"line":20,"column":50}},"9":{"start":{"line":23,"column":2},"end":{"line":23,"column":16}},"10":{"start":{"line":14,"column":0},"end":{"line":14,"column":22}},"11":{"start":{"line":27,"column":27},"end":{"line":27,"column":64}},"12":{"start":{"line":29,"column":2},"end":{"line":32,"column":null}},"13":{"start":{"line":30,"column":4},"end":{"line":30,"column":45}},"14":{"start":{"line":31,"column":4},"end":{"line":31,"column":68}},"15":{"start":{"line":34,"column":2},"end":{"line":34,"column":44}},"16":{"start":{"line":35,"column":2},"end":{"line":35,"column":48}},"17":{"start":{"line":26,"column":0},"end":{"line":26,"column":22}},"18":{"start":{"line":39,"column":2},"end":{"line":39,"column":34}},"19":{"start":{"line":38,"column":0},"end":{"line":38,"column":22}},"20":{"start":{"line":43,"column":22},"end":{"line":43,"column":55}},"21":{"start":{"line":45,"column":2},"end":{"line":47,"column":null}},"22":{"start":{"line":46,"column":4},"end":{"line":46,"column":16}},"23":{"start":{"line":54,"column":6},"end":{"line":54,"column":48}},"24":{"start":{"line":56,"column":2},"end":{"line":62,"column":4}},"25":{"start":{"line":42,"column":0},"end":{"line":42,"column":22}}},"fnMap":{"0":{"name":"getAll","decl":{"start":{"line":14,"column":22},"end":{"line":14,"column":28}},"loc":{"start":{"line":14,"column":28},"end":{"line":24,"column":null}}},"1":{"name":"saveOrUpdateReservation","decl":{"start":{"line":26,"column":22},"end":{"line":26,"column":45}},"loc":{"start":{"line":26,"column":76},"end":{"line":36,"column":null}}},"2":{"name":"listRooms","decl":{"start":{"line":38,"column":22},"end":{"line":38,"column":31}},"loc":{"start":{"line":38,"column":47},"end":{"line":40,"column":null}}},"3":{"name":"getReservationByUserId","decl":{"start":{"line":42,"column":22},"end":{"line":42,"column":44}},"loc":{"start":{"line":42,"column":55},"end":{"line":63,"column":null}}}},"branchMap":{"0":{"loc":{"start":{"line":29,"column":2},"end":{"line":32,"column":null}},"type":"if","locations":[{"start":{"line":29,"column":2},"end":{"line":32,"column":null}},{"start":{"line":29,"column":2},"end":{"line":32,"column":null}}]},"1":{"loc":{"start":{"line":45,"column":2},"end":{"line":47,"column":null}},"type":"if","locations":[{"start":{"line":45,"column":2},"end":{"line":47,"column":null}},{"start":{"line":45,"column":2},"end":{"line":47,"column":null}}]}},"s":{"0":3,"1":3,"2":3,"3":2,"4":2,"5":2,"6":2,"7":1,"8":1,"9":2,"10":3,"11":1,"12":1,"13":0,"14":0,"15":1,"16":1,"17":3,"18":1,"19":3,"20":1,"21":1,"22":0,"23":1,"24":1,"25":3},"f":{"0":2,"1":1,"2":1,"3":1},"b":{"0":[0,1],"1":[0,1]}}
,"/home/mr/aworkingspace/drivent/api-drivent/src/services/client/session.ts": {"path":"/home/mr/aworkingspace/drivent/api-drivent/src/services/client/session.ts","statementMap":{"0":{"start":{"line":1,"column":0},"end":{"line":1,"column":41}},"1":{"start":{"line":4,"column":18},"end":{"line":4,"column":61}},"2":{"start":{"line":6,"column":2},"end":{"line":6,"column":17}},"3":{"start":{"line":3,"column":0},"end":{"line":3,"column":22}}},"fnMap":{"0":{"name":"findSessionByToken","decl":{"start":{"line":3,"column":22},"end":{"line":3,"column":40}},"loc":{"start":{"line":3,"column":54},"end":{"line":7,"column":null}}}},"branchMap":{},"s":{"0":3,"1":7,"2":7,"3":3},"f":{"0":7},"b":{}}
,"/home/mr/aworkingspace/drivent/api-drivent/src/services/client/ticket.ts": {"path":"/home/mr/aworkingspace/drivent/api-drivent/src/services/client/ticket.ts","statementMap":{"0":{"start":{"line":1,"column":0},"end":{"line":1,"column":39}},"1":{"start":{"line":4,"column":2},"end":{"line":4,"column":34}},"2":{"start":{"line":3,"column":0},"end":{"line":3,"column":22}}},"fnMap":{"0":{"name":"createNewTicket","decl":{"start":{"line":3,"column":22},"end":{"line":3,"column":37}},"loc":{"start":{"line":3,"column":52},"end":{"line":5,"column":null}}}},"branchMap":{},"s":{"0":3,"1":0,"2":3},"f":{"0":0},"b":{}}
,"/home/mr/aworkingspace/drivent/api-drivent/src/services/client/user.ts": {"path":"/home/mr/aworkingspace/drivent/api-drivent/src/services/client/user.ts","statementMap":{"0":{"start":{"line":1,"column":0},"end":{"line":1,"column":26}},"1":{"start":{"line":2,"column":0},"end":{"line":2,"column":35}},"2":{"start":{"line":4,"column":0},"end":{"line":4,"column":84}},"3":{"start":{"line":5,"column":0},"end":{"line":5,"column":41}},"4":{"start":{"line":8,"column":19},"end":{"line":8,"column":51}},"5":{"start":{"line":10,"column":2},"end":{"line":12,"column":null}},"6":{"start":{"line":11,"column":4},"end":{"line":11,"column":49}},"7":{"start":{"line":14,"column":15},"end":{"line":14,"column":52}},"8":{"start":{"line":15,"column":2},"end":{"line":15,"column":14}},"9":{"start":{"line":7,"column":0},"end":{"line":7,"column":22}}},"fnMap":{"0":{"name":"createNewUser","decl":{"start":{"line":7,"column":22},"end":{"line":7,"column":35}},"loc":{"start":{"line":7,"column":67},"end":{"line":16,"column":null}}}},"branchMap":{"0":{"loc":{"start":{"line":10,"column":2},"end":{"line":12,"column":null}},"type":"if","locations":[{"start":{"line":10,"column":2},"end":{"line":12,"column":null}},{"start":{"line":10,"column":2},"end":{"line":12,"column":null}}]}},"s":{"0":3,"1":3,"2":3,"3":3,"4":3,"5":3,"6":1,"7":2,"8":1,"9":3},"f":{"0":3},"b":{"0":[1,2]}}
,"/home/mr/aworkingspace/drivent/api-drivent/tests/factories/hotelFactory.ts": {"path":"/home/mr/aworkingspace/drivent/api-drivent/tests/factories/hotelFactory.ts","statementMap":{"0":{"start":{"line":1,"column":0},"end":{"line":1,"column":37}},"1":{"start":{"line":2,"column":0},"end":{"line":2,"column":26}},"2":{"start":{"line":4,"column":0},"end":{"line":4,"column":81}},"3":{"start":{"line":7,"column":16},"end":{"line":12,"column":4}},"4":{"start":{"line":14,"column":2},"end":{"line":14,"column":21}},"5":{"start":{"line":16,"column":2},"end":{"line":16,"column":15}},"6":{"start":{"line":6,"column":0},"end":{"line":6,"column":22}}},"fnMap":{"0":{"name":"createHotel","decl":{"start":{"line":6,"column":22},"end":{"line":6,"column":33}},"loc":{"start":{"line":6,"column":33},"end":{"line":17,"column":null}}}},"branchMap":{},"s":{"0":1,"1":1,"2":1,"3":5,"4":5,"5":5,"6":1},"f":{"0":5},"b":{}}
,"/home/mr/aworkingspace/drivent/api-drivent/tests/factories/reservationFactory.ts": {"path":"/home/mr/aworkingspace/drivent/api-drivent/tests/factories/reservationFactory.ts","statementMap":{"0":{"start":{"line":1,"column":0},"end":{"line":1,"column":49}},"1":{"start":{"line":4,"column":22},"end":{"line":4,"column":60}},"2":{"start":{"line":6,"column":2},"end":{"line":6,"column":27}},"3":{"start":{"line":8,"column":2},"end":{"line":8,"column":21}},"4":{"start":{"line":3,"column":0},"end":{"line":3,"column":22}}},"fnMap":{"0":{"name":"createReservation","decl":{"start":{"line":3,"column":22},"end":{"line":3,"column":39}},"loc":{"start":{"line":3,"column":70},"end":{"line":9,"column":null}}}},"branchMap":{},"s":{"0":1,"1":1,"2":1,"3":1,"4":1},"f":{"0":1},"b":{}}
,"/home/mr/aworkingspace/drivent/api-drivent/tests/factories/roomFactory.ts": {"path":"/home/mr/aworkingspace/drivent/api-drivent/tests/factories/roomFactory.ts","statementMap":{"0":{"start":{"line":2,"column":0},"end":{"line":2,"column":35}},"1":{"start":{"line":3,"column":0},"end":{"line":3,"column":81}},"2":{"start":{"line":6,"column":15},"end":{"line":11,"column":4}},"3":{"start":{"line":13,"column":2},"end":{"line":13,"column":24}},"4":{"start":{"line":15,"column":2},"end":{"line":15,"column":14}},"5":{"start":{"line":5,"column":0},"end":{"line":5,"column":22}}},"fnMap":{"0":{"name":"createRoom","decl":{"start":{"line":5,"column":22},"end":{"line":5,"column":32}},"loc":{"start":{"line":5,"column":48},"end":{"line":16,"column":null}}}},"branchMap":{},"s":{"0":1,"1":1,"2":5,"3":5,"4":5,"5":1},"f":{"0":5},"b":{}}
,"/home/mr/aworkingspace/drivent/api-drivent/tests/factories/sessionFactory.ts": {"path":"/home/mr/aworkingspace/drivent/api-drivent/tests/factories/sessionFactory.ts","statementMap":{"0":{"start":{"line":1,"column":0},"end":{"line":1,"column":41}},"1":{"start":{"line":4,"column":18},"end":{"line":4,"column":56}},"2":{"start":{"line":5,"column":2},"end":{"line":5,"column":23}},"3":{"start":{"line":3,"column":0},"end":{"line":3,"column":22}}},"fnMap":{"0":{"name":"createSession","decl":{"start":{"line":3,"column":22},"end":{"line":3,"column":35}},"loc":{"start":{"line":3,"column":65},"end":{"line":6,"column":null}}}},"branchMap":{},"s":{"0":1,"1":7,"2":7,"3":1},"f":{"0":7},"b":{}}
,"/home/mr/aworkingspace/drivent/api-drivent/tests/factories/userFactory.ts": {"path":"/home/mr/aworkingspace/drivent/api-drivent/tests/factories/userFactory.ts","statementMap":{"0":{"start":{"line":1,"column":0},"end":{"line":1,"column":26}},"1":{"start":{"line":3,"column":0},"end":{"line":3,"column":35}},"2":{"start":{"line":6,"column":15},"end":{"line":9,"column":4}},"3":{"start":{"line":11,"column":2},"end":{"line":11,"column":20}},"4":{"start":{"line":12,"column":2},"end":{"line":12,"column":14}},"5":{"start":{"line":5,"column":0},"end":{"line":5,"column":22}}},"fnMap":{"0":{"name":"createUser","decl":{"start":{"line":5,"column":22},"end":{"line":5,"column":32}},"loc":{"start":{"line":5,"column":32},"end":{"line":13,"column":null}}}},"branchMap":{},"s":{"0":2,"1":2,"2":8,"3":8,"4":8,"5":2},"f":{"0":8},"b":{}}
,"/home/mr/aworkingspace/drivent/api-drivent/tests/factories/utils/randomNumberSmallerThanValue.ts": {"path":"/home/mr/aworkingspace/drivent/api-drivent/tests/factories/utils/randomNumberSmallerThanValue.ts","statementMap":{"0":{"start":{"line":2,"column":2},"end":{"line":2,"column":43}},"1":{"start":{"line":1,"column":0},"end":{"line":1,"column":16}}},"fnMap":{"0":{"name":"randomIntSmallerThanValue","decl":{"start":{"line":1,"column":16},"end":{"line":1,"column":41}},"loc":{"start":{"line":1,"column":55},"end":{"line":3,"column":1}}}},"branchMap":{},"s":{"0":25,"1":1},"f":{"0":25},"b":{}}
,"/home/mr/aworkingspace/drivent/api-drivent/tests/integration/utils/createAuthenticatedUser.ts": {"path":"/home/mr/aworkingspace/drivent/api-drivent/tests/integration/utils/createAuthenticatedUser.ts","statementMap":{"0":{"start":{"line":1,"column":0},"end":{"line":1,"column":35}},"1":{"start":{"line":2,"column":0},"end":{"line":2,"column":57}},"2":{"start":{"line":4,"column":0},"end":{"line":4,"column":31}},"3":{"start":{"line":5,"column":0},"end":{"line":5,"column":63}},"4":{"start":{"line":8,"column":2},"end":{"line":8,"column":21}},"5":{"start":{"line":9,"column":15},"end":{"line":9,"column":35}},"6":{"start":{"line":11,"column":16},"end":{"line":15,"column":null}},"7":{"start":{"line":18,"column":2},"end":{"line":18,"column":38}},"8":{"start":{"line":20,"column":2},"end":{"line":20,"column":36}},"9":{"start":{"line":7,"column":0},"end":{"line":7,"column":22}}},"fnMap":{"0":{"name":"createAuthenticatedUser","decl":{"start":{"line":7,"column":22},"end":{"line":7,"column":45}},"loc":{"start":{"line":7,"column":45},"end":{"line":21,"column":null}}}},"branchMap":{},"s":{"0":1,"1":1,"2":1,"3":1,"4":7,"5":7,"6":7,"7":7,"8":7,"9":1},"f":{"0":7},"b":{}}
,"/home/mr/aworkingspace/drivent/api-drivent/tests/utils/app.ts": {"path":"/home/mr/aworkingspace/drivent/api-drivent/tests/utils/app.ts","statementMap":{"0":{"start":{"line":1,"column":0},"end":{"line":1,"column":41}},"1":{"start":{"line":4,"column":20},"end":{"line":4,"column":91}},"2":{"start":{"line":5,"column":18},"end":{"line":5,"column":87}},"3":{"start":{"line":6,"column":21},"end":{"line":6,"column":81}},"4":{"start":{"line":7,"column":26},"end":{"line":7,"column":84}},"5":{"start":{"line":8,"column":20},"end":{"line":8,"column":77}},"6":{"start":{"line":10,"column":2},"end":{"line":10,"column":83}},"7":{"start":{"line":12,"column":2},"end":{"line":18,"column":4}},"8":{"start":{"line":3,"column":0},"end":{"line":3,"column":22}}},"fnMap":{"0":{"name":"createBasicSettings","decl":{"start":{"line":3,"column":22},"end":{"line":3,"column":41}},"loc":{"start":{"line":3,"column":41},"end":{"line":19,"column":null}}}},"branchMap":{},"s":{"0":2,"1":4,"2":4,"3":4,"4":4,"5":4,"6":4,"7":4,"8":2},"f":{"0":4},"b":{}}
,"/home/mr/aworkingspace/drivent/api-drivent/tests/utils/database.ts": {"path":"/home/mr/aworkingspace/drivent/api-drivent/tests/utils/database.ts","statementMap":{"0":{"start":{"line":1,"column":0},"end":{"line":1,"column":40}},"1":{"start":{"line":4,"column":19},"end":{"line":4,"column":21}},"2":{"start":{"line":6,"column":21},"end":{"line":6,"column":36}},"3":{"start":{"line":8,"column":2},"end":{"line":10,"column":null}},"4":{"start":{"line":9,"column":4},"end":{"line":9,"column":78}},"5":{"start":{"line":12,"column":2},"end":{"line":12,"column":18}},"6":{"start":{"line":16,"column":19},"end":{"line":16,"column":32}},"7":{"start":{"line":17,"column":21},"end":{"line":17,"column":36}},"8":{"start":{"line":19,"column":2},"end":{"line":26,"column":null}},"9":{"start":{"line":20,"column":4},"end":{"line":25,"column":null}},"10":{"start":{"line":21,"column":6},"end":{"line":21,"column":66}},"11":{"start":{"line":24,"column":6},"end":{"line":24,"column":28}},"12":{"start":{"line":15,"column":0},"end":{"line":15,"column":22}},"13":{"start":{"line":30,"column":2},"end":{"line":30,"column":32}},"14":{"start":{"line":29,"column":0},"end":{"line":29,"column":22}}},"fnMap":{"0":{"name":"getEntities","decl":{"start":{"line":3,"column":9},"end":{"line":3,"column":20}},"loc":{"start":{"line":3,"column":20},"end":{"line":13,"column":1}}},"1":{"name":"clearDatabase","decl":{"start":{"line":15,"column":22},"end":{"line":15,"column":35}},"loc":{"start":{"line":15,"column":35},"end":{"line":27,"column":null}}},"2":{"name":"endConnection","decl":{"start":{"line":29,"column":22},"end":{"line":29,"column":35}},"loc":{"start":{"line":29,"column":35},"end":{"line":31,"column":null}}}},"branchMap":{},"s":{"0":3,"1":14,"2":14,"3":14,"4":126,"5":14,"6":14,"7":14,"8":14,"9":129,"10":129,"11":3,"12":3,"13":3,"14":3},"f":{"0":14,"1":14,"2":3},"b":{}}
}
