TN:
SF:src/app.ts
FN:16,(anonymous_8)
FN:23,init
FNF:2
FNH:1
FNDA:0,(anonymous_8)
FNDA:3,init
DA:1,3
DA:3,3
DA:4,3
DA:5,3
DA:6,3
DA:8,3
DA:9,3
DA:10,3
DA:12,3
DA:13,3
DA:14,3
DA:16,3
DA:17,0
DA:20,3
DA:21,3
DA:23,3
DA:24,3
DA:27,3
LF:18
LH:17
BRF:0
BRH:0
end_of_record
TN:
SF:src/database.ts
FN:7,connect
FNF:1
FNH:1
FNDA:3,connect
DA:1,3
DA:3,3
DA:4,0
DA:7,3
DA:8,3
DA:10,3
DA:18,3
DA:20,3
LF:8
LH:7
BRDA:3,0,0,0
BRDA:3,0,1,3
BRDA:3,1,0,3
BRDA:3,1,1,0
BRDA:14,2,0,0
BRDA:14,2,1,3
BRF:6
BRH:3
end_of_record
TN:
SF:src/setup.ts
FNF:0
FNH:0
DA:1,3
DA:3,3
DA:5,3
LF:3
LH:3
BRDA:3,0,0,3
BRDA:3,0,1,0
BRF:2
BRH:1
end_of_record
TN:
SF:src/controllers/client/auth.ts
FN:5,signIn
FNF:1
FNH:0
FNDA:0,signIn
DA:3,3
DA:5,3
DA:6,0
DA:7,0
LF:4
LH:2
BRF:0
BRH:0
end_of_record
TN:
SF:src/controllers/client/enrollment.ts
FN:7,saveEnrollmentInfo
FN:14,getEnrollmentInfos
FNF:2
FNH:0
FNDA:0,saveEnrollmentInfo
FNDA:0,getEnrollmentInfos
DA:2,3
DA:4,3
DA:7,3
DA:8,0
DA:9,0
DA:10,0
DA:11,0
DA:14,3
DA:15,0
DA:17,0
DA:18,0
DA:21,0
LF:12
LH:4
BRDA:17,0,0,0
BRDA:17,0,1,0
BRF:2
BRH:0
end_of_record
TN:
SF:src/controllers/client/event.ts
FN:5,get
FNF:1
FNH:1
FNDA:1,get
DA:3,3
DA:5,3
DA:6,1
DA:7,1
LF:4
LH:4
BRF:0
BRH:0
end_of_record
TN:
SF:src/controllers/client/hotel.ts
FN:6,get
FN:12,getRooms
FN:24,saveReservation
FN:36,getReservation
FNF:4
FNH:4
FNDA:2,get
FNDA:2,getRooms
FNDA:2,saveReservation
FNDA:1,getReservation
DA:2,3
DA:4,3
DA:6,3
DA:7,2
DA:9,2
DA:12,3
DA:13,2
DA:15,2
DA:16,1
DA:19,1
DA:21,1
DA:24,3
DA:25,2
DA:26,2
DA:28,2
DA:29,1
DA:32,1
DA:33,1
DA:36,3
DA:37,1
DA:39,1
LF:21
LH:21
BRDA:15,0,0,1
BRDA:15,0,1,1
BRDA:28,1,0,1
BRDA:28,1,1,1
BRF:4
BRH:4
end_of_record
TN:
SF:src/controllers/client/ticket.ts
FN:6,saveTicket
FNF:1
FNH:0
FNDA:0,saveTicket
DA:2,3
DA:4,3
DA:6,3
DA:7,0
DA:8,0
LF:5
LH:3
BRF:0
BRH:0
end_of_record
TN:
SF:src/controllers/client/user.ts
FN:6,signUp
FNF:1
FNH:1
FNDA:3,signUp
DA:2,3
DA:4,3
DA:6,3
DA:7,3
DA:8,1
LF:5
LH:5
BRF:0
BRH:0
end_of_record
TN:
SF:src/entities/Address.ts
FN:33,(anonymous_3)
FN:33,(anonymous_4)
FNF:2
FNH:2
FNDA:3,(anonymous_3)
FNDA:3,(anonymous_4)
DA:1,3
DA:2,3
DA:5,3
DA:7,3
DA:10,3
DA:13,3
DA:16,3
DA:19,3
DA:22,3
DA:25,3
DA:28,3
DA:31,3
DA:33,3
DA:35,3
LF:14
LH:14
BRF:0
BRH:0
end_of_record
TN:
SF:src/entities/Enrollment.ts
FN:29,(anonymous_10)
FN:48,(anonymous_11)
FN:63,(anonymous_13)
FN:26,(anonymous_15)
FN:26,(anonymous_16)
FNF:5
FNH:2
FNDA:0,(anonymous_10)
FNDA:0,(anonymous_11)
FNDA:0,(anonymous_13)
FNDA:3,(anonymous_15)
FNDA:3,(anonymous_16)
DA:1,3
DA:3,3
DA:4,3
DA:7,3
DA:9,3
DA:12,3
DA:15,3
DA:18,3
DA:21,3
DA:24,3
DA:26,3
DA:27,3
DA:30,0
DA:31,0
DA:32,0
DA:33,0
DA:34,0
DA:36,0
DA:37,0
DA:39,0
DA:40,0
DA:41,0
DA:42,0
DA:43,0
DA:44,0
DA:45,0
DA:49,0
DA:51,0
DA:52,0
DA:55,0
DA:56,0
DA:57,0
DA:59,0
DA:60,0
DA:64,0
LF:35
LH:12
BRDA:36,0,0,0
BRDA:36,0,1,0
BRDA:51,1,0,0
BRDA:51,1,1,0
BRDA:51,2,0,0
BRDA:51,2,1,0
BRDA:55,3,0,0
BRDA:55,3,1,0
BRF:8
BRH:0
end_of_record
TN:
SF:src/entities/Hotel.ts
FN:31,(anonymous_10)
FN:28,(anonymous_12)
FN:28,(anonymous_13)
FNF:3
FNH:3
FNDA:2,(anonymous_10)
FNDA:3,(anonymous_12)
FNDA:3,(anonymous_13)
DA:1,3
DA:9,3
DA:12,3
DA:14,3
DA:17,3
DA:20,3
DA:23,3
DA:26,3
DA:28,3
DA:29,3
DA:32,2
LF:11
LH:11
BRF:0
BRH:0
end_of_record
TN:
SF:src/entities/Reservation.ts
FN:33,(anonymous_10)
FN:38,(anonymous_12)
FN:42,(anonymous_14)
FN:25,(anonymous_16)
FN:25,(anonymous_17)
FN:29,(anonymous_18)
FN:29,(anonymous_19)
FNF:7
FNH:6
FNDA:1,(anonymous_10)
FNDA:2,(anonymous_12)
FNDA:0,(anonymous_14)
FNDA:3,(anonymous_16)
FNDA:3,(anonymous_17)
FNDA:3,(anonymous_18)
FNDA:3,(anonymous_19)
DA:1,3
DA:11,3
DA:12,3
DA:15,3
DA:17,3
DA:20,3
DA:23,3
DA:25,3
DA:27,3
DA:29,3
DA:31,3
DA:34,1
DA:35,1
DA:39,2
DA:43,0
LF:15
LH:14
BRF:0
BRH:0
end_of_record
TN:
SF:src/entities/Room.ts
FN:36,(anonymous_10)
FN:45,(anonymous_12)
FN:49,(anonymous_14)
FN:54,(anonymous_15)
FN:62,(anonymous_17)
FN:30,(anonymous_19)
FN:30,(anonymous_20)
FN:33,(anonymous_21)
FN:33,(anonymous_22)
FNF:9
FNH:8
FNDA:1,(anonymous_10)
FNDA:1,(anonymous_12)
FNDA:0,(anonymous_14)
FNDA:1,(anonymous_15)
FNDA:1,(anonymous_17)
FNDA:3,(anonymous_19)
FNDA:3,(anonymous_20)
FNDA:3,(anonymous_21)
FNDA:3,(anonymous_22)
DA:1,3
DA:10,3
DA:11,3
DA:14,3
DA:16,3
DA:19,3
DA:22,3
DA:25,3
DA:28,3
DA:30,3
DA:31,3
DA:33,3
DA:34,3
DA:37,1
DA:42,1
DA:46,1
DA:48,1
DA:49,1
DA:51,1
DA:55,1
DA:57,1
DA:59,1
DA:63,1
DA:64,1
LF:24
LH:24
BRF:0
BRH:0
end_of_record
TN:
SF:src/entities/Session.ts
FN:14,(anonymous_9)
FNF:1
FNH:1
FNDA:7,(anonymous_9)
DA:1,3
DA:4,3
DA:6,3
DA:9,3
DA:12,3
DA:15,7
DA:16,7
DA:17,7
LF:8
LH:8
BRF:0
BRH:0
end_of_record
TN:
SF:src/entities/Setting.ts
FN:14,(anonymous_9)
FN:17,(anonymous_11)
FN:18,(anonymous_12)
FNF:3
FNH:3
FNDA:4,(anonymous_9)
FNDA:20,(anonymous_11)
FNDA:60,(anonymous_12)
DA:1,3
DA:4,3
DA:6,3
DA:9,3
DA:12,3
DA:15,4
DA:17,4
DA:18,60
DA:20,4
LF:9
LH:9
BRF:0
BRH:0
end_of_record
TN:
SF:src/entities/Ticket.ts
FN:25,(anonymous_10)
FN:21,(anonymous_12)
FN:21,(anonymous_13)
FNF:3
FNH:2
FNDA:0,(anonymous_10)
FNDA:3,(anonymous_12)
FNDA:3,(anonymous_13)
DA:1,3
DA:2,3
DA:5,3
DA:7,3
DA:10,3
DA:13,3
DA:16,3
DA:19,3
DA:21,3
DA:23,3
DA:26,0
DA:27,0
LF:12
LH:10
BRF:0
BRH:0
end_of_record
TN:
SF:src/entities/User.ts
FN:35,(anonymous_10)
FN:45,(anonymous_12)
FN:49,(anonymous_13)
FN:57,(anonymous_15)
FN:24,(anonymous_17)
FN:27,(anonymous_18)
FN:27,(anonymous_19)
FN:30,(anonymous_20)
FN:30,(anonymous_21)
FNF:9
FNH:7
FNDA:2,(anonymous_10)
FNDA:1,(anonymous_12)
FNDA:2,(anonymous_13)
FNDA:0,(anonymous_15)
FNDA:0,(anonymous_17)
FNDA:3,(anonymous_18)
FNDA:3,(anonymous_19)
FNDA:3,(anonymous_20)
FNDA:3,(anonymous_21)
DA:1,3
DA:8,3
DA:9,3
DA:10,3
DA:11,3
DA:14,3
DA:16,3
DA:19,3
DA:22,3
DA:24,0
DA:25,3
DA:27,3
DA:28,3
DA:30,3
DA:33,3
DA:36,2
DA:37,1
DA:39,1
DA:40,1
DA:42,1
DA:46,1
DA:50,2
DA:52,2
DA:53,1
DA:58,0
DA:63,0
DA:64,0
DA:67,0
LF:28
LH:23
BRDA:52,0,0,1
BRDA:52,0,1,1
BRDA:63,1,0,0
BRDA:63,1,1,0
BRDA:63,2,0,0
BRDA:63,2,1,0
BRF:6
BRH:2
end_of_record
TN:
SF:src/errors/CannotEnrollBeforeStartDate.ts
FN:2,(anonymous_0)
FNF:1
FNH:1
FNDA:1,(anonymous_0)
DA:1,3
DA:3,1
DA:5,1
LF:3
LH:3
BRF:0
BRH:0
end_of_record
TN:
SF:src/errors/ConflictError.ts
FN:2,(anonymous_0)
FNF:1
FNH:1
FNDA:1,(anonymous_0)
DA:1,3
DA:3,1
DA:5,1
LF:3
LH:3
BRF:0
BRH:0
end_of_record
TN:
SF:src/errors/CpfNotAvailable.ts
FN:4,(anonymous_1)
FNF:1
FNH:0
FNDA:0,(anonymous_1)
DA:1,3
DA:3,3
DA:5,0
DA:7,0
LF:4
LH:2
BRF:0
BRH:0
end_of_record
TN:
SF:src/errors/EmailNotAvailable.ts
FN:4,(anonymous_1)
FNF:1
FNH:1
FNDA:1,(anonymous_1)
DA:1,3
DA:3,3
DA:5,1
DA:7,1
LF:4
LH:4
BRF:0
BRH:0
end_of_record
TN:
SF:src/errors/InvalidData.ts
FN:4,(anonymous_0)
FNF:1
FNH:0
FNDA:0,(anonymous_0)
DA:1,3
DA:5,0
DA:7,0
DA:8,0
LF:4
LH:1
BRF:0
BRH:0
end_of_record
TN:
SF:src/errors/InvalidEmail.ts
FN:2,(anonymous_0)
FNF:1
FNH:0
FNDA:0,(anonymous_0)
DA:1,3
DA:3,0
DA:5,0
LF:3
LH:1
BRF:0
BRH:0
end_of_record
TN:
SF:src/errors/NotFoundError.ts
FN:2,(anonymous_0)
FNF:1
FNH:0
FNDA:0,(anonymous_0)
DA:1,3
DA:3,0
DA:5,0
LF:3
LH:1
BRF:0
BRH:0
end_of_record
TN:
SF:src/errors/Unauthorized.ts
FN:2,(anonymous_0)
FNF:1
FNH:0
FNDA:0,(anonymous_0)
DA:1,3
DA:3,0
DA:5,0
LF:3
LH:1
BRF:0
BRH:0
end_of_record
TN:
SF:src/middlewares/errorHandlingMiddleware.ts
FN:12,errorHandlingMiddleware
FNF:1
FNH:1
FNDA:2,errorHandlingMiddleware
DA:2,3
DA:4,3
DA:5,3
DA:6,3
DA:7,3
DA:8,3
DA:9,3
DA:12,3
DA:13,2
DA:14,0
DA:19,2
DA:20,1
DA:25,1
DA:26,0
DA:32,1
DA:33,1
DA:38,0
DA:39,0
DA:44,0
DA:45,0
DA:51,0
DA:52,0
LF:22
LH:14
BRDA:13,0,0,0
BRDA:13,0,1,2
BRDA:19,1,0,1
BRDA:19,1,1,1
BRDA:25,2,0,0
BRDA:25,2,1,1
BRDA:32,3,0,1
BRDA:32,3,1,0
BRDA:38,4,0,0
BRDA:38,4,1,0
BRDA:44,5,0,0
BRDA:44,5,1,0
BRF:12
BRH:5
end_of_record
TN:
SF:src/middlewares/schemaValidatingMiddleware.ts
FN:10,schemaValidatingMiddleware
FN:11,(anonymous_2)
FN:15,(anonymous_3)
FNF:3
FNH:2
FNDA:12,schemaValidatingMiddleware
FNDA:3,(anonymous_2)
FNDA:0,(anonymous_3)
DA:4,3
DA:10,3
DA:11,12
DA:12,3
DA:14,3
DA:15,0
DA:18,3
LF:7
LH:6
BRDA:10,0,0,12
BRDA:14,1,0,0
BRDA:14,1,1,3
BRF:3
BRH:2
end_of_record
TN:
SF:src/middlewares/tokenValidationMiddleware.ts
FN:12,authenticationMiddleware
FNF:1
FNH:1
FNDA:7,authenticationMiddleware
DA:3,3
DA:5,3
DA:6,3
DA:12,3
DA:13,7
DA:14,7
DA:16,7
DA:17,7
DA:18,0
DA:21,7
DA:23,7
DA:25,7
DA:26,0
DA:29,7
DA:30,7
DA:32,0
LF:16
LH:13
BRDA:16,0,0,0
BRDA:16,0,1,7
BRDA:16,1,0,7
BRDA:16,1,1,7
BRDA:17,2,0,0
BRDA:17,2,1,7
BRDA:25,3,0,0
BRDA:25,3,1,7
BRF:8
BRH:5
end_of_record
TN:
SF:src/routers/index.ts
FNF:0
FNH:0
DA:1,3
DA:3,3
DA:5,3
DA:7,3
DA:9,3
LF:5
LH:5
BRF:0
BRH:0
end_of_record
TN:
SF:src/routers/client/auth.ts
FNF:0
FNH:0
DA:1,3
DA:3,3
DA:4,3
DA:6,3
DA:8,3
DA:10,3
DA:12,3
LF:7
LH:7
BRF:0
BRH:0
end_of_record
TN:
SF:src/routers/client/enrollment.ts
FNF:0
FNH:0
DA:1,3
DA:3,3
DA:5,3
DA:7,3
DA:9,3
DA:11,3
DA:12,3
DA:14,3
LF:8
LH:8
BRF:0
BRH:0
end_of_record
TN:
SF:src/routers/client/event.ts
FNF:0
FNH:0
DA:1,3
DA:3,3
DA:5,3
DA:7,3
DA:9,3
LF:5
LH:5
BRF:0
BRH:0
end_of_record
TN:
SF:src/routers/client/hotel.ts
FNF:0
FNH:0
DA:1,3
DA:3,3
DA:5,3
DA:7,3
DA:9,3
DA:11,3
DA:13,3
DA:14,3
LF:8
LH:8
BRF:0
BRH:0
end_of_record
TN:
SF:src/routers/client/index.ts
FNF:0
FNH:0
DA:1,3
DA:3,3
DA:4,3
DA:5,3
DA:6,3
DA:7,3
DA:8,3
DA:10,3
DA:12,3
DA:14,3
DA:15,3
DA:16,3
DA:17,3
DA:18,3
DA:19,3
DA:21,3
LF:16
LH:16
BRF:0
BRH:0
end_of_record
TN:
SF:src/routers/client/ticket.ts
FNF:0
FNH:0
DA:1,3
DA:3,3
DA:5,3
DA:6,3
DA:8,3
DA:10,3
DA:12,3
LF:7
LH:7
BRF:0
BRH:0
end_of_record
TN:
SF:src/routers/client/user.ts
FNF:0
FNH:0
DA:1,3
DA:3,3
DA:5,3
DA:6,3
DA:8,3
DA:10,3
DA:12,3
LF:7
LH:7
BRF:0
BRH:0
end_of_record
TN:
SF:src/schemas/createNewUser.ts
FNF:0
FNH:0
DA:1,3
DA:3,3
LF:2
LH:2
BRF:0
BRH:0
end_of_record
TN:
SF:src/schemas/enrollmentSchema.ts
FNF:0
FNH:0
DA:1,3
DA:3,3
LF:2
LH:2
BRF:0
BRH:0
end_of_record
TN:
SF:src/schemas/signInSchema.ts
FNF:0
FNH:0
DA:1,3
DA:3,3
LF:2
LH:2
BRF:0
BRH:0
end_of_record
TN:
SF:src/schemas/ticketSchema.ts
FNF:0
FNH:0
DA:1,3
DA:3,3
LF:2
LH:2
BRF:0
BRH:0
end_of_record
TN:
SF:src/services/client/auth.ts
FN:7,signIn
FNF:1
FNH:0
FNDA:0,signIn
DA:1,3
DA:3,3
DA:4,3
DA:5,3
DA:7,3
DA:8,0
DA:10,0
DA:11,0
DA:14,0
DA:21,0
DA:23,0
DA:24,0
DA:26,0
LF:13
LH:5
BRDA:10,0,0,0
BRDA:10,0,1,0
BRF:2
BRH:0
end_of_record
TN:
SF:src/services/client/enrollment.ts
FN:4,createNewEnrollment
FN:8,getEnrollmentWithAddress
FNF:2
FNH:0
FNDA:0,createNewEnrollment
FNDA:0,getEnrollmentWithAddress
DA:2,3
DA:4,3
DA:5,0
DA:8,3
DA:9,0
LF:5
LH:3
BRF:0
BRH:0
end_of_record
TN:
SF:src/services/client/event.ts
FN:3,getEventInfo
FNF:1
FNH:1
FNDA:1,getEventInfo
DA:1,3
DA:3,3
DA:4,1
LF:3
LH:3
BRF:0
BRH:0
end_of_record
TN:
SF:src/services/client/hotel.ts
FN:14,getAll
FN:26,saveOrUpdateReservation
FN:38,listRooms
FN:42,getReservationByUserId
FNF:4
FNH:4
FNDA:2,getAll
FNDA:1,saveOrUpdateReservation
FNDA:1,listRooms
FNDA:1,getReservationByUserId
DA:1,3
DA:2,3
DA:3,3
DA:14,3
DA:15,2
DA:16,2
DA:18,2
DA:19,1
DA:20,1
DA:23,2
DA:26,3
DA:27,1
DA:29,1
DA:30,0
DA:31,0
DA:34,1
DA:35,1
DA:38,3
DA:39,1
DA:42,3
DA:43,1
DA:45,1
DA:46,0
DA:54,1
DA:56,1
LF:25
LH:22
BRDA:29,0,0,0
BRDA:29,0,1,1
BRDA:45,1,0,0
BRDA:45,1,1,1
BRF:4
BRH:2
end_of_record
TN:
SF:src/services/client/session.ts
FN:3,findSessionByToken
FNF:1
FNH:1
FNDA:7,findSessionByToken
DA:1,3
DA:3,3
DA:4,7
DA:6,7
LF:4
LH:4
BRF:0
BRH:0
end_of_record
TN:
SF:src/services/client/ticket.ts
FN:3,createNewTicket
FNF:1
FNH:0
FNDA:0,createNewTicket
DA:1,3
DA:3,3
DA:4,0
LF:3
LH:2
BRF:0
BRH:0
end_of_record
TN:
SF:src/services/client/user.ts
FN:7,createNewUser
FNF:1
FNH:1
FNDA:3,createNewUser
DA:1,3
DA:2,3
DA:4,3
DA:5,3
DA:7,3
DA:8,3
DA:10,3
DA:11,1
DA:14,2
DA:15,1
LF:10
LH:10
BRDA:10,0,0,1
BRDA:10,0,1,2
BRF:2
BRH:2
end_of_record
TN:
SF:tests/factories/hotelFactory.ts
FN:6,createHotel
FNF:1
FNH:1
FNDA:5,createHotel
DA:1,1
DA:2,1
DA:4,1
DA:6,1
DA:7,5
DA:14,5
DA:16,5
LF:7
LH:7
BRF:0
BRH:0
end_of_record
TN:
SF:tests/factories/reservationFactory.ts
FN:3,createReservation
FNF:1
FNH:1
FNDA:1,createReservation
DA:1,1
DA:3,1
DA:4,1
DA:6,1
DA:8,1
LF:5
LH:5
BRF:0
BRH:0
end_of_record
TN:
SF:tests/factories/roomFactory.ts
FN:5,createRoom
FNF:1
FNH:1
FNDA:5,createRoom
DA:2,1
DA:3,1
DA:5,1
DA:6,5
DA:13,5
DA:15,5
LF:6
LH:6
BRF:0
BRH:0
end_of_record
TN:
SF:tests/factories/sessionFactory.ts
FN:3,createSession
FNF:1
FNH:1
FNDA:7,createSession
DA:1,1
DA:3,1
DA:4,7
DA:5,7
LF:4
LH:4
BRF:0
BRH:0
end_of_record
TN:
SF:tests/factories/userFactory.ts
FN:5,createUser
FNF:1
FNH:1
FNDA:8,createUser
DA:1,2
DA:3,2
DA:5,2
DA:6,8
DA:11,8
DA:12,8
LF:6
LH:6
BRF:0
BRH:0
end_of_record
TN:
SF:tests/factories/utils/randomNumberSmallerThanValue.ts
FN:1,randomIntSmallerThanValue
FNF:1
FNH:1
FNDA:25,randomIntSmallerThanValue
DA:1,1
DA:2,25
LF:2
LH:2
BRF:0
BRH:0
end_of_record
TN:
SF:tests/integration/utils/createAuthenticatedUser.ts
FN:7,createAuthenticatedUser
FNF:1
FNH:1
FNDA:7,createAuthenticatedUser
DA:1,1
DA:2,1
DA:4,1
DA:5,1
DA:7,1
DA:8,7
DA:9,7
DA:11,7
DA:18,7
DA:20,7
LF:10
LH:10
BRF:0
BRH:0
end_of_record
TN:
SF:tests/utils/app.ts
FN:3,createBasicSettings
FNF:1
FNH:1
FNDA:4,createBasicSettings
DA:1,2
DA:3,2
DA:4,4
DA:5,4
DA:6,4
DA:7,4
DA:8,4
DA:10,4
DA:12,4
LF:9
LH:9
BRF:0
BRH:0
end_of_record
TN:
SF:tests/utils/database.ts
FN:3,getEntities
FN:15,clearDatabase
FN:29,endConnection
FNF:3
FNH:3
FNDA:14,getEntities
FNDA:14,clearDatabase
FNDA:3,endConnection
DA:1,3
DA:4,14
DA:6,14
DA:8,14
DA:9,126
DA:12,14
DA:15,3
DA:16,14
DA:17,14
DA:19,14
DA:20,129
DA:21,129
DA:24,3
DA:29,3
DA:30,3
LF:15
LH:15
BRF:0
BRH:0
end_of_record
